#
# A fatal error has been detected by the Java Runtime Environment:
#
#  SIGSEGV (0xb) at pc=0x000000011d57ffe0, pid=42746, tid=1811
#
# JRE version: Java(TM) SE Runtime Environment (8.0_25-b17) (build 1.8.0_25-b17)
# Java VM: Java HotSpot(TM) 64-Bit Server VM (25.25-b02 mixed mode bsd-amd64 compressed oops)
# Problematic frame:
# C  [libjfxwebkit.dylib+0xd92fe0]  JSObjectGetProperty+0x30
#
# Failed to write core dump. Core dumps have been disabled. To enable core dumping, try "ulimit -c unlimited" before starting Java again
#
# If you would like to submit a bug report, please visit:
#   http://bugreport.sun.com/bugreport/crash.jsp
# The crash happened outside the Java Virtual Machine in native code.
# See problematic frame for where to report the bug.
#

---------------  T H R E A D  ---------------

Current thread (0x00007f8812930000):  JavaThread "JavaFX Application Thread" [_thread_in_native, id=1811, stack(0x00007fff5db88000,0x00007fff5e388000)]

siginfo: si_signo: 11 (SIGSEGV), si_code: 0 (unknown), si_addr: 0x0000000000000000

Registers:
RAX=0x747865546e6f0000, RBX=0x0000000000000000, RCX=0x0000000000000000, RDX=0x00007f88173827b0
RSP=0x00007fff5e382fd0, RBP=0x00007fff5e383010, RSI=0x000000012022ffd8, RDI=0x00007f8812930000
R8 =0x0000000000000000, R9 =0x00000000ffffffe8, R10=0x0000000103268668, R11=0x00007f809272dc70
R12=0x00007f8812930000, R13=0x0000000780044ed0, R14=0x00007f88173827b0, R15=0x000000012022ffd8
RIP=0x000000011d57ffe0, EFLAGS=0x0000000000010206, ERR=0x0000000000000000
  TRAPNO=0x000000000000000d

Top of Stack: (sp=0x00007fff5e382fd0)
0x00007fff5e382fd0:   0000000000000003 0000000780044ed0
0x00007fff5e382fe0:   00007f8812930000 00007f8812930000
0x00007fff5e382ff0:   00007f8812930000 00007f88173827b0
0x00007fff5e383000:   00007fff5e3830f0 0000000000000000
0x00007fff5e383010:   00007fff5e383060 000000011d1095d4
0x00007fff5e383020:   00007f8812930000 000000012022ffd8
0x00007fff5e383030:   0000000000000000 000000011ff884a0
0x00007fff5e383040:   0000000000000000 000000011ff884a0
0x00007fff5e383050:   00007fff5e383108 00007f8812930000
0x00007fff5e383060:   00007fff5e3830d0 0000000103268694
0x00007fff5e383070:   00007fff5e3830d0 0000000103268419
0x00007fff5e383080:   0000000103274563 00000001032683e2
0x00007fff5e383090:   00007fff5e383090 000000011ff884a0
0x00007fff5e3830a0:   00007fff5e383108 000000011ff89eb0
0x00007fff5e3830b0:   0000000000000000 000000011ff884a0
0x00007fff5e3830c0:   0000000000000000 00007fff5e3830f0
0x00007fff5e3830d0:   00007fff5e383150 000000010325a710
0x00007fff5e3830e0:   0000000780395828 00000001032622bb
0x00007fff5e3830f0:   0000000780044ea8 0000000000000000
0x00007fff5e383100:   000000012022ffd8 00000007802cb880
0x00007fff5e383110:   00007fff5e383110 000000011ff88409
0x00007fff5e383120:   00007fff5e383168 000000011ff89eb0
0x00007fff5e383130:   0000000000000000 000000011ff88418
0x00007fff5e383140:   00007fff5e3830f0 00007fff5e383160
0x00007fff5e383150:   00007fff5e3831b8 000000010325a710
0x00007fff5e383160:   0000000780044ea8 00000007802cb880
0x00007fff5e383170:   00000007802c7ad0 00007fff5e383178
0x00007fff5e383180:   0000000115378e9f 00007fff5e383238
0x00007fff5e383190:   0000000115379660 0000000000000000
0x00007fff5e3831a0:   0000000115379238 00007fff5e383160
0x00007fff5e3831b0:   00007fff5e383230 00007fff5e383280
0x00007fff5e3831c0:   000000010325a98d 00000007ab9974e0 

Instructions: (pc=0x000000011d57ffe0)
0x000000011d57ffc0:   89 cb 49 89 d6 49 89 f7 48 85 ff 0f 84 48 01 00
0x000000011d57ffd0:   00 49 89 fc 48 c7 c0 00 00 ff ff 49 23 44 24 e8
0x000000011d57ffe0:   48 8b 80 68 04 00 00 48 8b b0 c8 8f 00 00 48 8d
0x000000011d57fff0:   7d c0 ba 01 00 00 00 e8 1a 11 67 ff 48 8d 7d d0 

Register to memory mapping:

RAX=0x747865546e6f0000 is an unknown value
RBX=0x0000000000000000 is an unknown value
RCX=0x0000000000000000 is an unknown value
RDX=0x00007f88173827b0 is an unknown value
RSP=0x00007fff5e382fd0 is pointing into the stack for thread: 0x00007f8812930000
RBP=0x00007fff5e383010 is pointing into the stack for thread: 0x00007f8812930000
RSI=0x000000012022ffd8 is an unknown value
RDI=0x00007f8812930000 is a thread
R8 =0x0000000000000000 is an unknown value
R9 =0x00000000ffffffe8 is an unknown value
R10=0x0000000103268668 is at code_begin+808 in an Interpreter codelet
method entry point (kind = native)  [0x0000000103268340, 0x0000000103268c40]  2304 bytes
R11=0x00007f809272dc70 is an unknown value
R12=0x00007f8812930000 is a thread
R13=0x0000000780044ed0 is pointing into object: 0x0000000780044ec0
[C 
 - klass: {type array char}
 - length: 3
R14=0x00007f88173827b0 is an unknown value
R15=0x000000012022ffd8 is an unknown value


Stack: [0x00007fff5db88000,0x00007fff5e388000],  sp=0x00007fff5e382fd0,  free space=8171k
Native frames: (J=compiled Java code, j=interpreted, Vv=VM code, C=native code)
C  [libjfxwebkit.dylib+0xd92fe0]  JSObjectGetProperty+0x30
C  [libjfxwebkit.dylib+0x91c5d4]  Java_com_sun_webkit_dom_JSObject_getMemberImpl+0xb4
j  com.sun.webkit.dom.JSObject.getMemberImpl(JILjava/lang/String;)Ljava/lang/Object;+0
j  com.sun.webkit.dom.JSObject.getMember(Ljava/lang/String;)Ljava/lang/Object;+9
j  MVC.TravalPlanner.setTabs(Ljava/lang/String;)V+943
j  MVC.TravalPlanner.lambda$start$0(Ljavafx/scene/control/TextField;Ljavafx/scene/control/TextField;Ljavafx/scene/control/ChoiceBox;Ljavafx/scene/input/MouseEvent;)V+174
j  MVC.TravalPlanner$$Lambda$123.handle(Ljavafx/event/Event;)V+20
j  com.sun.javafx.event.CompositeEventHandler.dispatchBubblingEvent(Ljavafx/event/Event;)V+51
J 3223 C1 com.sun.javafx.event.EventHandlerManager.dispatchBubblingEvent(Ljavafx/event/Event;)Ljavafx/event/Event; (23 bytes) @ 0x0000000103acd8e4 [0x0000000103acd240+0x6a4]
J 3224 C1 com.sun.javafx.event.CompositeEventDispatcher.dispatchBubblingEvent(Ljavafx/event/Event;)Ljavafx/event/Event; (35 bytes) @ 0x0000000103ace29c [0x0000000103ace0e0+0x1bc]
J 3189 C1 com.sun.javafx.event.BasicEventDispatcher.dispatchEvent(Ljavafx/event/Event;Ljavafx/event/EventDispatchChain;)Ljavafx/event/Event; (44 bytes) @ 0x0000000103ab2fb4 [0x0000000103ab2c80+0x334]
J 2341 C1 com.sun.javafx.event.EventDispatchChainImpl.dispatchEvent(Ljavafx/event/Event;)Ljavafx/event/Event; (101 bytes) @ 0x000000010346e094 [0x000000010346dee0+0x1b4]
J 3189 C1 com.sun.javafx.event.BasicEventDispatcher.dispatchEvent(Ljavafx/event/Event;Ljavafx/event/EventDispatchChain;)Ljavafx/event/Event; (44 bytes) @ 0x0000000103ab2ecc [0x0000000103ab2c80+0x24c]
J 2341 C1 com.sun.javafx.event.EventDispatchChainImpl.dispatchEvent(Ljavafx/event/Event;)Ljavafx/event/Event; (101 bytes) @ 0x000000010346e094 [0x000000010346dee0+0x1b4]
J 3189 C1 com.sun.javafx.event.BasicEventDispatcher.dispatchEvent(Ljavafx/event/Event;Ljavafx/event/EventDispatchChain;)Ljavafx/event/Event; (44 bytes) @ 0x0000000103ab2ecc [0x0000000103ab2c80+0x24c]
J 2341 C1 com.sun.javafx.event.EventDispatchChainImpl.dispatchEvent(Ljavafx/event/Event;)Ljavafx/event/Event; (101 bytes) @ 0x000000010346e094 [0x000000010346dee0+0x1b4]
J 3349 C1 com.sun.javafx.event.EventUtil.fireEvent(Ljavafx/event/EventTarget;Ljavafx/event/Event;)Ljavafx/event/Event; (81 bytes) @ 0x0000000103b3482c [0x0000000103b34100+0x72c]
J 3348 C1 javafx.event.Event.fireEvent(Ljavafx/event/EventTarget;Ljavafx/event/Event;)V (35 bytes) @ 0x0000000103b33b2c [0x0000000103b33a60+0xcc]
j  javafx.scene.Scene$ClickGenerator.postProcess(Ljavafx/scene/input/MouseEvent;Ljavafx/scene/Scene$TargetWrapper;Ljavafx/scene/Scene$TargetWrapper;)V+247
j  javafx.scene.Scene$ClickGenerator.access$7900(Ljavafx/scene/Scene$ClickGenerator;Ljavafx/scene/input/MouseEvent;Ljavafx/scene/Scene$TargetWrapper;Ljavafx/scene/Scene$TargetWrapper;)V+4
j  javafx.scene.Scene$MouseHandler.process(Ljavafx/scene/input/MouseEvent;Z)V+538
j  javafx.scene.Scene$MouseHandler.access$1500(Ljavafx/scene/Scene$MouseHandler;Ljavafx/scene/input/MouseEvent;Z)V+3
j  javafx.scene.Scene.impl_processMouseEvent(Ljavafx/scene/input/MouseEvent;)V+6
j  javafx.scene.Scene$ScenePeerListener.mouseEvent(Ljavafx/event/EventType;DDDDLjavafx/scene/input/MouseButton;ZZZZZZZZZ)V+46
j  com.sun.javafx.tk.quantum.GlassViewEventHandler$MouseEventNotification.run()Ljava/lang/Void;+438
j  com.sun.javafx.tk.quantum.GlassViewEventHandler$MouseEventNotification.run()Ljava/lang/Object;+1
v  ~StubRoutines::call_stub
V  [libjvm.dylib+0x2d4516]  JavaCalls::call_helper(JavaValue*, methodHandle*, JavaCallArguments*, Thread*)+0x6ae
V  [libjvm.dylib+0x32aeb2]  JVM_DoPrivileged+0x4b8
J 1912  java.security.AccessController.doPrivileged(Ljava/security/PrivilegedAction;Ljava/security/AccessControlContext;)Ljava/lang/Object; (0 bytes) @ 0x0000000103866b15 [0x0000000103866a40+0xd5]
j  com.sun.javafx.tk.quantum.GlassViewEventHandler.handleMouseEvent(Lcom/sun/glass/ui/View;JIIIIIIIZZ)V+108
j  com.sun.glass.ui.View.handleMouseEvent(JIIIIIIIZZ)V+30
j  com.sun.glass.ui.View.notifyMouse(IIIIIIIZZ)V+181
v  ~StubRoutines::call_stub
V  [libjvm.dylib+0x2d4516]  JavaCalls::call_helper(JavaValue*, methodHandle*, JavaCallArguments*, Thread*)+0x6ae
V  [libjvm.dylib+0x30993b]  jni_invoke_nonstatic(JNIEnv_*, JavaValue*, _jobject*, JNICallType, _jmethodID*, JNI_ArgumentPusher*, Thread*)+0x305
V  [libjvm.dylib+0x2fc576]  jni_CallVoidMethod+0x16b
C  [libglass.dylib+0x216db]  -[GlassViewDelegate sendJavaMouseEvent:]+0x81b
C  [AppKit+0x74fb5b]  -[NSWindow _reallySendEvent:]+0x2f4
C  [AppKit+0x1d916e]  -[NSWindow sendEvent:]+0x1be
C  [libglass.dylib+0x241e5]  -[GlassWindow_Normal sendEvent:]+0x75
C  [AppKit+0x18b451]  -[NSApplication sendEvent:]+0x1057
C  [AppKit+0x17608]  -[NSApplication run]+0x2c7
C  [libglass.dylib+0x6757]  -[GlassApplication runLoop:]+0x6f7
C  [Foundation+0x65cdc]  __NSThreadPerformPerform+0x125
C  [CoreFoundation+0x80681]  __CFRUNLOOP_IS_CALLING_OUT_TO_A_SOURCE0_PERFORM_FUNCTION__+0x11
C  [CoreFoundation+0x7280d]  __CFRunLoopDoSources0+0x10d
C  [CoreFoundation+0x71e3f]  __CFRunLoopRun+0x39f
C  [CoreFoundation+0x71858]  CFRunLoopRunSpecific+0x128
C  [java+0x56cc]  CreateExecutionEnvironment+0x367
C  [java+0x165c]  JLI_Launch+0x7a0
C  [java+0x768a]  main+0x65
C  [java+0xeb4]  start+0x34
C  0x0000000000000006

Java frames: (J=compiled Java code, j=interpreted, Vv=VM code)
j  com.sun.webkit.dom.JSObject.getMemberImpl(JILjava/lang/String;)Ljava/lang/Object;+0
j  com.sun.webkit.dom.JSObject.getMember(Ljava/lang/String;)Ljava/lang/Object;+9
j  MVC.TravalPlanner.setTabs(Ljava/lang/String;)V+943
j  MVC.TravalPlanner.lambda$start$0(Ljavafx/scene/control/TextField;Ljavafx/scene/control/TextField;Ljavafx/scene/control/ChoiceBox;Ljavafx/scene/input/MouseEvent;)V+174
j  MVC.TravalPlanner$$Lambda$123.handle(Ljavafx/event/Event;)V+20
j  com.sun.javafx.event.CompositeEventHandler.dispatchBubblingEvent(Ljavafx/event/Event;)V+51
J 3223 C1 com.sun.javafx.event.EventHandlerManager.dispatchBubblingEvent(Ljavafx/event/Event;)Ljavafx/event/Event; (23 bytes) @ 0x0000000103acd8e4 [0x0000000103acd240+0x6a4]
J 3224 C1 com.sun.javafx.event.CompositeEventDispatcher.dispatchBubblingEvent(Ljavafx/event/Event;)Ljavafx/event/Event; (35 bytes) @ 0x0000000103ace29c [0x0000000103ace0e0+0x1bc]
J 3189 C1 com.sun.javafx.event.BasicEventDispatcher.dispatchEvent(Ljavafx/event/Event;Ljavafx/event/EventDispatchChain;)Ljavafx/event/Event; (44 bytes) @ 0x0000000103ab2fb4 [0x0000000103ab2c80+0x334]
J 2341 C1 com.sun.javafx.event.EventDispatchChainImpl.dispatchEvent(Ljavafx/event/Event;)Ljavafx/event/Event; (101 bytes) @ 0x000000010346e094 [0x000000010346dee0+0x1b4]
J 3189 C1 com.sun.javafx.event.BasicEventDispatcher.dispatchEvent(Ljavafx/event/Event;Ljavafx/event/EventDispatchChain;)Ljavafx/event/Event; (44 bytes) @ 0x0000000103ab2ecc [0x0000000103ab2c80+0x24c]
J 2341 C1 com.sun.javafx.event.EventDispatchChainImpl.dispatchEvent(Ljavafx/event/Event;)Ljavafx/event/Event; (101 bytes) @ 0x000000010346e094 [0x000000010346dee0+0x1b4]
J 3189 C1 com.sun.javafx.event.BasicEventDispatcher.dispatchEvent(Ljavafx/event/Event;Ljavafx/event/EventDispatchChain;)Ljavafx/event/Event; (44 bytes) @ 0x0000000103ab2ecc [0x0000000103ab2c80+0x24c]
J 2341 C1 com.sun.javafx.event.EventDispatchChainImpl.dispatchEvent(Ljavafx/event/Event;)Ljavafx/event/Event; (101 bytes) @ 0x000000010346e094 [0x000000010346dee0+0x1b4]
J 3349 C1 com.sun.javafx.event.EventUtil.fireEvent(Ljavafx/event/EventTarget;Ljavafx/event/Event;)Ljavafx/event/Event; (81 bytes) @ 0x0000000103b3482c [0x0000000103b34100+0x72c]
J 3348 C1 javafx.event.Event.fireEvent(Ljavafx/event/EventTarget;Ljavafx/event/Event;)V (35 bytes) @ 0x0000000103b33b2c [0x0000000103b33a60+0xcc]
j  javafx.scene.Scene$ClickGenerator.postProcess(Ljavafx/scene/input/MouseEvent;Ljavafx/scene/Scene$TargetWrapper;Ljavafx/scene/Scene$TargetWrapper;)V+247
j  javafx.scene.Scene$ClickGenerator.access$7900(Ljavafx/scene/Scene$ClickGenerator;Ljavafx/scene/input/MouseEvent;Ljavafx/scene/Scene$TargetWrapper;Ljavafx/scene/Scene$TargetWrapper;)V+4
j  javafx.scene.Scene$MouseHandler.process(Ljavafx/scene/input/MouseEvent;Z)V+538
j  javafx.scene.Scene$MouseHandler.access$1500(Ljavafx/scene/Scene$MouseHandler;Ljavafx/scene/input/MouseEvent;Z)V+3
j  javafx.scene.Scene.impl_processMouseEvent(Ljavafx/scene/input/MouseEvent;)V+6
j  javafx.scene.Scene$ScenePeerListener.mouseEvent(Ljavafx/event/EventType;DDDDLjavafx/scene/input/MouseButton;ZZZZZZZZZ)V+46
j  com.sun.javafx.tk.quantum.GlassViewEventHandler$MouseEventNotification.run()Ljava/lang/Void;+438
j  com.sun.javafx.tk.quantum.GlassViewEventHandler$MouseEventNotification.run()Ljava/lang/Object;+1
v  ~StubRoutines::call_stub
J 1912  java.security.AccessController.doPrivileged(Ljava/security/PrivilegedAction;Ljava/security/AccessControlContext;)Ljava/lang/Object; (0 bytes) @ 0x0000000103866aa3 [0x0000000103866a40+0x63]
j  com.sun.javafx.tk.quantum.GlassViewEventHandler.handleMouseEvent(Lcom/sun/glass/ui/View;JIIIIIIIZZ)V+108
j  com.sun.glass.ui.View.handleMouseEvent(JIIIIIIIZZ)V+30
j  com.sun.glass.ui.View.notifyMouse(IIIIIIIZZ)V+181
v  ~StubRoutines::call_stub

---------------  P R O C E S S  ---------------

Java Threads: ( => current thread )
  0x00007f8813d63800 JavaThread "URL-Loader-20" daemon [_thread_blocked, id=69639, stack(0x0000000126581000,0x0000000126681000)]
  0x00007f88142f9800 JavaThread "URL-Loader-19" daemon [_thread_blocked, id=68867, stack(0x0000000126404000,0x0000000126504000)]
  0x00007f8813dd6800 JavaThread "URL-Loader-18" daemon [_thread_blocked, id=68355, stack(0x0000000126301000,0x0000000126401000)]
  0x00007f8813712800 JavaThread "URL-Loader-17" daemon [_thread_blocked, id=67843, stack(0x00000001261e1000,0x00000001262e1000)]
  0x00007f8813614800 JavaThread "URL-Loader-16" daemon [_thread_blocked, id=67331, stack(0x0000000126041000,0x0000000126141000)]
  0x00007f8813dc9000 JavaThread "URL-Loader-15" daemon [_thread_blocked, id=66819, stack(0x0000000125f21000,0x0000000126021000)]
  0x00007f88129ac800 JavaThread "URL-Loader-14" daemon [_thread_blocked, id=66567, stack(0x0000000125e1e000,0x0000000125f1e000)]
  0x00007f8813e58000 JavaThread "URL-Loader-13" daemon [_thread_blocked, id=65559, stack(0x0000000125d1b000,0x0000000125e1b000)]
  0x00007f88129b6800 JavaThread "URL-Loader-12" daemon [_thread_blocked, id=60875, stack(0x0000000125b21000,0x0000000125c21000)]
  0x00007f88135f6800 JavaThread "URL-Loader-11" daemon [_thread_blocked, id=65031, stack(0x00000001259d1000,0x0000000125ad1000)]
  0x00007f8812c0b800 JavaThread "URL-Loader-10" daemon [_thread_blocked, id=64295, stack(0x000000012584c000,0x000000012594c000)]
  0x00007f8813479800 JavaThread "URL-Loader-9" daemon [_thread_blocked, id=63491, stack(0x0000000124fa4000,0x00000001250a4000)]
  0x00007f8813478800 JavaThread "URL-Loader-8" daemon [_thread_blocked, id=62983, stack(0x0000000124ea1000,0x0000000124fa1000)]
  0x00007f8813cde000 JavaThread "URL-Loader-7" daemon [_thread_blocked, id=62467, stack(0x0000000124d8a000,0x0000000124e8a000)]
  0x00007f8813cdd800 JavaThread "URL-Loader-6" daemon [_thread_blocked, id=61955, stack(0x0000000124c87000,0x0000000124d87000)]
  0x00007f8813b0e000 JavaThread "URL-Loader-5" daemon [_thread_blocked, id=61443, stack(0x0000000124b84000,0x0000000124c84000)]
  0x00007f8813c85000 JavaThread "URL-Loader-4" daemon [_thread_blocked, id=60975, stack(0x0000000124a81000,0x0000000124b81000)]
  0x00007f8812b8f000 JavaThread "URL-Loader-3" daemon [_thread_blocked, id=60423, stack(0x0000000124841000,0x0000000124941000)]
  0x00007f88138a6800 JavaThread "Keep-Alive-Timer" daemon [_thread_blocked, id=59619, stack(0x00000001246ec000,0x00000001247ec000)]
  0x00007f881332a000 JavaThread "URL-Loader-2" daemon [_thread_blocked, id=57619, stack(0x000000012214a000,0x000000012224a000)]
  0x00007f8812a2d000 JavaThread "Prism Font Disposer" daemon [_thread_blocked, id=54299, stack(0x0000000120b26000,0x0000000120c26000)]
  0x00007f8813a25000 JavaThread "Watchdog-Timer-1" daemon [_thread_blocked, id=53515, stack(0x0000000120311000,0x0000000120411000)]
  0x00007f88140e5800 JavaThread "URL-Loader-1" daemon [_thread_blocked, id=53007, stack(0x000000012011d000,0x000000012021d000)]
  0x00007f8812951800 JavaThread "Disposer" daemon [_thread_blocked, id=48643, stack(0x000000011e701000,0x000000011e801000)]
  0x00007f88139cf800 JavaThread "JavaFX-Launcher" [_thread_blocked, id=47619, stack(0x000000011c6eb000,0x000000011c7eb000)]
  0x00007f88139bf000 JavaThread "Thread-3" daemon [_thread_in_native, id=35335, stack(0x000000011b511000,0x000000011b591000)]
=>0x00007f8812930000 JavaThread "JavaFX Application Thread" [_thread_in_native, id=1811, stack(0x00007fff5db88000,0x00007fff5e388000)]
  0x00007f8813955800 JavaThread "Thread-1" daemon [_thread_blocked, id=23315, stack(0x0000000119249000,0x0000000119349000)]
  0x00007f881292b800 JavaThread "QuantumRenderer-0" daemon [_thread_blocked, id=19203, stack(0x0000000118c3a000,0x0000000118d3a000)]
  0x00007f8814001000 JavaThread "Service Thread" daemon [_thread_blocked, id=18179, stack(0x000000011896a000,0x0000000118a6a000)]
  0x00007f881301a800 JavaThread "C1 CompilerThread2" daemon [_thread_blocked, id=17667, stack(0x0000000118867000,0x0000000118967000)]
  0x00007f8813018800 JavaThread "C2 CompilerThread1" daemon [_thread_blocked, id=17155, stack(0x0000000118764000,0x0000000118864000)]
  0x00007f8813016800 JavaThread "C2 CompilerThread0" daemon [_thread_blocked, id=16643, stack(0x0000000118661000,0x0000000118761000)]
  0x00007f8813846000 JavaThread "Signal Dispatcher" daemon [_thread_blocked, id=13335, stack(0x000000011855e000,0x000000011865e000)]
  0x00007f8813808800 JavaThread "Finalizer" daemon [_thread_blocked, id=11523, stack(0x0000000116c20000,0x0000000116d20000)]
  0x00007f8813808000 JavaThread "Reference Handler" daemon [_thread_blocked, id=11011, stack(0x0000000116b1d000,0x0000000116c1d000)]
  0x00007f8814003000 JavaThread "main" [_thread_blocked, id=4867, stack(0x000000010311d000,0x000000010321d000)]

Other Threads:
  0x00007f881300a000 VMThread [stack: 0x0000000116a1a000,0x0000000116b1a000] [id=10499]
  0x00007f8814019000 WatcherThread [stack: 0x0000000118a6d000,0x0000000118b6d000] [id=18691]

VM state:not at safepoint (normal execution)

VM Mutex/Monitor currently owned by a thread: None

Heap:
 PSYoungGen      total 51712K, used 26531K [0x00000007aab00000, 0x00000007b2600000, 0x00000007c0000000)
  eden space 39424K, 44% used [0x00000007aab00000,0x00000007abc1a950,0x00000007ad180000)
  from space 12288K, 73% used [0x00000007aed80000,0x00000007af64e3b0,0x00000007af980000)
  to   space 28672K, 0% used [0x00000007ad180000,0x00000007ad180000,0x00000007aed80000)
 ParOldGen       total 112128K, used 44872K [0x0000000780000000, 0x0000000786d80000, 0x00000007aab00000)
  object space 112128K, 40% used [0x0000000780000000,0x0000000782bd2338,0x0000000786d80000)
 Metaspace       used 22956K, capacity 24028K, committed 24192K, reserved 1071104K
  class space    used 3196K, capacity 3407K, committed 3456K, reserved 1048576K

Card table byte_map: [0x0000000112613000,0x0000000112814000] byte_map_base: 0x000000010ea13000

Marking Bits: (ParMarkBitMap*) 0x0000000102a9d390
 Begin Bits: [0x0000000112d76000, 0x0000000113d76000)
 End Bits:   [0x0000000113d76000, 0x0000000114d76000)

Polling page: 0x00000001019cd000

CodeCache: size=245760Kb used=10417Kb max_used=10447Kb free=235342Kb
 bounds [0x0000000103253000, 0x0000000103ca3000, 0x0000000112253000]
 total_blobs=4124 nmethods=3368 adapters=669
 compilation: enabled

Compilation events (10 events):
Event: 11.254 Thread 0x00007f881301a800 3742       3       javafx.scene.Node::access$700 (5 bytes)
Event: 11.254 Thread 0x00007f881301a800 nmethod 3742 0x0000000103c88250 code [0x0000000103c883e0, 0x0000000103c88968]
Event: 11.259 Thread 0x00007f881301a800 3744       3       javafx.scene.Parent::childIncluded (12 bytes)
Event: 11.259 Thread 0x00007f881301a800 nmethod 3744 0x000000010350dd90 code [0x000000010350df00, 0x000000010350e088]
Event: 11.260 Thread 0x00007f881301a800 3745       3       javafx.beans.property.SimpleBooleanProperty::<init> (24 bytes)
Event: 11.260 Thread 0x00007f881301a800 nmethod 3745 0x0000000103c87ad0 code [0x0000000103c87c60, 0x0000000103c88050]
Event: 11.260 Thread 0x00007f881301a800 3746       3       javafx.beans.property.BooleanPropertyBase::<init> (25 bytes)
Event: 11.261 Thread 0x00007f881301a800 nmethod 3746 0x00000001035ca910 code [0x00000001035caaa0, 0x00000001035cadd0]
Event: 11.261 Thread 0x00007f881301a800 3747       3       javafx.scene.Node::usesMirroring (2 bytes)
Event: 11.261 Thread 0x00007f881301a800 nmethod 3747 0x0000000103513090 code [0x00000001035131e0, 0x0000000103513330]

GC Heap History (10 events):
Event: 3.642 GC heap before
{Heap before GC invocations=4 (full 1):
 PSYoungGen      total 35328K, used 2528K [0x00000007aab00000, 0x00000007af000000, 0x00000007c0000000)
  eden space 32768K, 0% used [0x00000007aab00000,0x00000007aab00000,0x00000007acb00000)
  from space 2560K, 98% used [0x00000007acb00000,0x00000007acd78020,0x00000007acd80000)
  to   space 2560K, 0% used [0x00000007aed80000,0x00000007aed80000,0x00000007af000000)
 ParOldGen       total 44032K, used 8071K [0x0000000780000000, 0x0000000782b00000, 0x00000007aab00000)
  object space 44032K, 18% used [0x0000000780000000,0x00000007807e1d18,0x0000000782b00000)
 Metaspace       used 20296K, capacity 21200K, committed 21296K, reserved 1067008K
  class space    used 2961K, capacity 3161K, committed 3200K, reserved 1048576K
Event: 3.727 GC heap after
Heap after GC invocations=4 (full 1):
 PSYoungGen      total 35328K, used 0K [0x00000007aab00000, 0x00000007af000000, 0x00000007c0000000)
  eden space 32768K, 0% used [0x00000007aab00000,0x00000007aab00000,0x00000007acb00000)
  from space 2560K, 0% used [0x00000007acb00000,0x00000007acb00000,0x00000007acd80000)
  to   space 2560K, 0% used [0x00000007aed80000,0x00000007aed80000,0x00000007af000000)
 ParOldGen       total 46080K, used 10220K [0x0000000780000000, 0x0000000782d00000, 0x00000007aab00000)
  object space 46080K, 22% used [0x0000000780000000,0x00000007809fb300,0x0000000782d00000)
 Metaspace       used 20295K, capacity 21198K, committed 21296K, reserved 1067008K
  class space    used 2960K, capacity 3160K, committed 3200K, reserved 1048576K
}
Event: 5.399 GC heap before
{Heap before GC invocations=5 (full 1):
 PSYoungGen      total 35328K, used 32768K [0x00000007aab00000, 0x00000007af000000, 0x00000007c0000000)
  eden space 32768K, 100% used [0x00000007aab00000,0x00000007acb00000,0x00000007acb00000)
  from space 2560K, 0% used [0x00000007acb00000,0x00000007acb00000,0x00000007acd80000)
  to   space 2560K, 0% used [0x00000007aed80000,0x00000007aed80000,0x00000007af000000)
 ParOldGen       total 46080K, used 10220K [0x0000000780000000, 0x0000000782d00000, 0x00000007aab00000)
  object space 46080K, 22% used [0x0000000780000000,0x00000007809fb300,0x0000000782d00000)
 Metaspace       used 21908K, capacity 22916K, committed 23168K, reserved 1069056K
  class space    used 3146K, capacity 3367K, committed 3456K, reserved 1048576K
Event: 5.407 GC heap after
Heap after GC invocations=5 (full 1):
 PSYoungGen      total 44544K, used 2557K [0x00000007aab00000, 0x00000007af000000, 0x00000007c0000000)
  eden space 41984K, 0% used [0x00000007aab00000,0x00000007aab00000,0x00000007ad400000)
  from space 2560K, 99% used [0x00000007aed80000,0x00000007aefff7a0,0x00000007af000000)
  to   space 2560K, 0% used [0x00000007aeb00000,0x00000007aeb00000,0x00000007aed80000)
 ParOldGen       total 46080K, used 14461K [0x0000000780000000, 0x0000000782d00000, 0x00000007aab00000)
  object space 46080K, 31% used [0x0000000780000000,0x0000000780e1f528,0x0000000782d00000)
 Metaspace       used 21908K, capacity 22916K, committed 23168K, reserved 1069056K
  class space    used 3146K, capacity 3367K, committed 3456K, reserved 1048576K
}
Event: 8.558 GC heap before
{Heap before GC invocations=6 (full 1):
 PSYoungGen      total 44544K, used 44541K [0x00000007aab00000, 0x00000007af000000, 0x00000007c0000000)
  eden space 41984K, 100% used [0x00000007aab00000,0x00000007ad400000,0x00000007ad400000)
  from space 2560K, 99% used [0x00000007aed80000,0x00000007aefff7a0,0x00000007af000000)
  to   space 2560K, 0% used [0x00000007aeb00000,0x00000007aeb00000,0x00000007aed80000)
 ParOldGen       total 46080K, used 14461K [0x0000000780000000, 0x0000000782d00000, 0x00000007aab00000)
  object space 46080K, 31% used [0x0000000780000000,0x0000000780e1f528,0x0000000782d00000)
 Metaspace       used 22682K, capacity 23752K, committed 23936K, reserved 1069056K
  class space    used 3165K, capacity 3377K, committed 3456K, reserved 1048576K
Event: 8.575 GC heap after
Heap after GC invocations=6 (full 1):
 PSYoungGen      total 55296K, used 2554K [0x00000007aab00000, 0x00000007af980000, 0x00000007c0000000)
  eden space 52736K, 0% used [0x00000007aab00000,0x00000007aab00000,0x00000007ade80000)
  from space 2560K, 99% used [0x00000007aeb00000,0x00000007aed7eb78,0x00000007aed80000)
  to   space 12288K, 0% used [0x00000007aed80000,0x00000007aed80000,0x00000007af980000)
 ParOldGen       total 46080K, used 24110K [0x0000000780000000, 0x0000000782d00000, 0x00000007aab00000)
  object space 46080K, 52% used [0x0000000780000000,0x000000078178bb30,0x0000000782d00000)
 Metaspace       used 22682K, capacity 23752K, committed 23936K, reserved 1069056K
  class space    used 3165K, capacity 3377K, committed 3456K, reserved 1048576K
}
Event: 10.988 GC heap before
{Heap before GC invocations=7 (full 1):
 PSYoungGen      total 55296K, used 40792K [0x00000007aab00000, 0x00000007af980000, 0x00000007c0000000)
  eden space 52736K, 72% used [0x00000007aab00000,0x00000007ad0575a0,0x00000007ade80000)
  from space 2560K, 99% used [0x00000007aeb00000,0x00000007aed7eb78,0x00000007aed80000)
  to   space 12288K, 0% used [0x00000007aed80000,0x00000007aed80000,0x00000007af980000)
 ParOldGen       total 46080K, used 24110K [0x0000000780000000, 0x0000000782d00000, 0x00000007aab00000)
  object space 46080K, 52% used [0x0000000780000000,0x000000078178bb30,0x0000000782d00000)
 Metaspace       used 22958K, capacity 24046K, committed 24192K, reserved 1071104K
  class space    used 3197K, capacity 3410K, committed 3456K, reserved 1048576K
Event: 11.025 GC heap after
Heap after GC invocations=7 (full 1):
 PSYoungGen      total 51712K, used 12280K [0x00000007aab00000, 0x00000007b2600000, 0x00000007c0000000)
  eden space 39424K, 0% used [0x00000007aab00000,0x00000007aab00000,0x00000007ad180000)
  from space 12288K, 99% used [0x00000007aed80000,0x00000007af97e3f0,0x00000007af980000)
  to   space 28672K, 0% used [0x00000007ad180000,0x00000007ad180000,0x00000007aed80000)
 ParOldGen       total 46592K, used 46231K [0x0000000780000000, 0x0000000782d80000, 0x00000007aab00000)
  object space 46592K, 99% used [0x0000000780000000,0x0000000782d25cb0,0x0000000782d80000)
 Metaspace       used 22958K, capacity 24046K, committed 24192K, reserved 1071104K
  class space    used 3197K, capacity 3410K, committed 3456K, reserved 1048576K
}
Event: 11.025 GC heap before
{Heap before GC invocations=8 (full 2):
 PSYoungGen      total 51712K, used 12280K [0x00000007aab00000, 0x00000007b2600000, 0x00000007c0000000)
  eden space 39424K, 0% used [0x00000007aab00000,0x00000007aab00000,0x00000007ad180000)
  from space 12288K, 99% used [0x00000007aed80000,0x00000007af97e3f0,0x00000007af980000)
  to   space 28672K, 0% used [0x00000007ad180000,0x00000007ad180000,0x00000007aed80000)
 ParOldGen       total 46592K, used 46231K [0x0000000780000000, 0x0000000782d80000, 0x00000007aab00000)
  object space 46592K, 99% used [0x0000000780000000,0x0000000782d25cb0,0x0000000782d80000)
 Metaspace       used 22958K, capacity 24046K, committed 24192K, reserved 1071104K
  class space    used 3197K, capacity 3410K, committed 3456K, reserved 1048576K
Event: 11.133 GC heap after
Heap after GC invocations=8 (full 2):
 PSYoungGen      total 51712K, used 9016K [0x00000007aab00000, 0x00000007b2600000, 0x00000007c0000000)
  eden space 39424K, 0% used [0x00000007aab00000,0x00000007aab00000,0x00000007ad180000)
  from space 12288K, 73% used [0x00000007aed80000,0x00000007af64e3b0,0x00000007af980000)
  to   space 28672K, 0% used [0x00000007ad180000,0x00000007ad180000,0x00000007aed80000)
 ParOldGen       total 112128K, used 44872K [0x0000000780000000, 0x0000000786d80000, 0x00000007aab00000)
  object space 112128K, 40% used [0x0000000780000000,0x0000000782bd2338,0x0000000786d80000)
 Metaspace       used 22947K, capacity 24028K, committed 24192K, reserved 1071104K
  class space    used 3196K, capacity 3407K, committed 3456K, reserved 1048576K
}

Deoptimization events (10 events):
Event: 10.010 Thread 0x00007f8812930000 Uncommon trap: reason=bimorphic action=maybe_recompile pc=0x0000000103b7b67c method=java.io.SequenceInputStream.read()I @ 13
Event: 10.010 Thread 0x00007f8812930000 Uncommon trap: reason=bimorphic action=maybe_recompile pc=0x0000000103b7b584 method=java.io.SequenceInputStream.read()I @ 13
Event: 10.010 Thread 0x00007f8812930000 Uncommon trap: reason=bimorphic action=maybe_recompile pc=0x0000000103b7b584 method=java.io.SequenceInputStream.read()I @ 13
Event: 10.010 Thread 0x00007f8812930000 Uncommon trap: reason=bimorphic action=maybe_recompile pc=0x0000000103b7b584 method=java.io.SequenceInputStream.read()I @ 13
Event: 10.714 Thread 0x00007f8812930000 Uncommon trap: reason=class_check action=maybe_recompile pc=0x000000010358dec4 method=java.util.regex.Pattern$CharPropertyNames.charPropertyFor(Ljava/lang/String;)Ljava/util/regex/Pattern$CharProperty; @ 7
Event: 10.714 Thread 0x00007f8812930000 Uncommon trap: reason=class_check action=maybe_recompile pc=0x000000010358dec4 method=java.util.regex.Pattern$CharPropertyNames.charPropertyFor(Ljava/lang/String;)Ljava/util/regex/Pattern$CharProperty; @ 7
Event: 10.714 Thread 0x00007f8812930000 Uncommon trap: reason=bimorphic action=maybe_recompile pc=0x0000000103406730 method=java.util.regex.Pattern$BmpCharProperty.match(Ljava/util/regex/Matcher;ILjava/lang/CharSequence;)Z @ 31
Event: 10.747 Thread 0x00007f8812930000 Uncommon trap: reason=bimorphic action=maybe_recompile pc=0x0000000103406730 method=java.util.regex.Pattern$BmpCharProperty.match(Ljava/util/regex/Matcher;ILjava/lang/CharSequence;)Z @ 31
Event: 10.822 Thread 0x00007f8812930000 Uncommon trap: reason=bimorphic action=maybe_recompile pc=0x0000000103406730 method=java.util.regex.Pattern$BmpCharProperty.match(Ljava/util/regex/Matcher;ILjava/lang/CharSequence;)Z @ 31
Event: 10.867 Thread 0x00007f8812930000 Uncommon trap: reason=bimorphic action=maybe_recompile pc=0x0000000103406730 method=java.util.regex.Pattern$BmpCharProperty.match(Ljava/util/regex/Matcher;ILjava/lang/CharSequence;)Z @ 31

Internal exceptions (10 events):
Event: 2.314 Thread 0x00007f8812930000 Exception <a 'java/security/PrivilegedActionException'> (0x00000007ab1cde08) thrown at [/HUDSON3/workspace/8-2-build-macosx-x86_64/jdk8u25/1514/hotspot/src/share/vm/prims/jvm.cpp, line 1312]
Event: 2.316 Thread 0x00007f8812930000 Exception <a 'java/security/PrivilegedActionException'> (0x00000007ab1e5488) thrown at [/HUDSON3/workspace/8-2-build-macosx-x86_64/jdk8u25/1514/hotspot/src/share/vm/prims/jvm.cpp, line 1312]
Event: 2.319 Thread 0x00007f8812930000 Exception <a 'java/security/PrivilegedActionException'> (0x00000007ab202508) thrown at [/HUDSON3/workspace/8-2-build-macosx-x86_64/jdk8u25/1514/hotspot/src/share/vm/prims/jvm.cpp, line 1312]
Event: 5.045 Thread 0x00007f8812930000 Exception <a 'java/security/PrivilegedActionException'> (0x00000007ab58d060) thrown at [/HUDSON3/workspace/8-2-build-macosx-x86_64/jdk8u25/1514/hotspot/src/share/vm/prims/jvm.cpp, line 1312]
Event: 5.045 Thread 0x00007f8812930000 Exception <a 'java/security/PrivilegedActionException'> (0x00000007ab58d960) thrown at [/HUDSON3/workspace/8-2-build-macosx-x86_64/jdk8u25/1514/hotspot/src/share/vm/prims/jvm.cpp, line 1312]
Event: 5.045 Thread 0x00007f8812930000 Exception <a 'java/security/PrivilegedActionException'> (0x00000007ab591a50) thrown at [/HUDSON3/workspace/8-2-build-macosx-x86_64/jdk8u25/1514/hotspot/src/share/vm/prims/jvm.cpp, line 1312]
Event: 5.045 Thread 0x00007f8812930000 Exception <a 'java/security/PrivilegedActionException'> (0x00000007ab592380) thrown at [/HUDSON3/workspace/8-2-build-macosx-x86_64/jdk8u25/1514/hotspot/src/share/vm/prims/jvm.cpp, line 1312]
Event: 10.006 Thread 0x00007f8812930000 Exception <a 'java/security/PrivilegedActionException'> (0x00000007aadefb38) thrown at [/HUDSON3/workspace/8-2-build-macosx-x86_64/jdk8u25/1514/hotspot/src/share/vm/prims/jvm.cpp, line 1312]
Event: 10.007 Thread 0x00007f8812930000 Exception <a 'java/security/PrivilegedActionException'> (0x00000007aaf6c5b0) thrown at [/HUDSON3/workspace/8-2-build-macosx-x86_64/jdk8u25/1514/hotspot/src/share/vm/prims/jvm.cpp, line 1312]
Event: 10.008 Thread 0x00007f8812930000 Exception <a 'java/security/PrivilegedActionException'> (0x00000007aafa0c98) thrown at [/HUDSON3/workspace/8-2-build-macosx-x86_64/jdk8u25/1514/hotspot/src/share/vm/prims/jvm.cpp, line 1312]

Events (10 events):
Event: 11.254 Thread 0x00007f881301a800 flushing nmethod 0x00000001035e1550
Event: 11.254 Thread 0x00007f881301a800 flushing nmethod 0x00000001035e4b90
Event: 11.254 Thread 0x00007f881301a800 flushing nmethod 0x0000000103633a50
Event: 11.255 Thread 0x00007f881301a800 flushing nmethod 0x000000010367dc90
Event: 11.255 Thread 0x00007f881301a800 flushing nmethod 0x000000010367eed0
Event: 11.260 Thread 0x00007f881301a800 flushing nmethod 0x00000001036f2850
Event: 11.260 Thread 0x00007f881301a800 flushing nmethod 0x00000001037143d0
Event: 11.260 Thread 0x00007f881301a800 flushing nmethod 0x00000001037446d0
Event: 11.260 Thread 0x00007f881301a800 flushing nmethod 0x0000000103746850
Event: 11.261 Thread 0x00007f881301a800 flushing nmethod 0x0000000103836910


Dynamic libraries:
0x000000000461c000 	/System/Library/Frameworks/Cocoa.framework/Versions/A/Cocoa
0x000000000461c000 	/System/Library/Frameworks/Security.framework/Versions/A/Security
0x000000000461c000 	/System/Library/Frameworks/ApplicationServices.framework/Versions/A/ApplicationServices
0x000000000461c000 	/usr/lib/libz.1.dylib
0x000000000461c000 	/usr/lib/libSystem.B.dylib
0x000000000461c000 	/usr/lib/libobjc.A.dylib
0x000000000461c000 	/System/Library/Frameworks/CoreFoundation.framework/Versions/A/CoreFoundation
0x000000000461c000 	/System/Library/Frameworks/Foundation.framework/Versions/C/Foundation
0x000000000461c000 	/System/Library/Frameworks/AppKit.framework/Versions/C/AppKit
0x000000000461c000 	/System/Library/Frameworks/CoreData.framework/Versions/A/CoreData
0x000000000461c000 	/System/Library/PrivateFrameworks/RemoteViewServices.framework/Versions/A/RemoteViewServices
0x000000000461c000 	/System/Library/PrivateFrameworks/UIFoundation.framework/Versions/A/UIFoundation
0x000000000461c000 	/System/Library/Frameworks/IOSurface.framework/Versions/A/IOSurface
0x000000000461c000 	/System/Library/Frameworks/AudioToolbox.framework/Versions/A/AudioToolbox
0x000000000461c000 	/System/Library/Frameworks/AudioUnit.framework/Versions/A/AudioUnit
0x000000000461c000 	/System/Library/PrivateFrameworks/DataDetectorsCore.framework/Versions/A/DataDetectorsCore
0x000000000461c000 	/System/Library/PrivateFrameworks/DesktopServicesPriv.framework/Versions/A/DesktopServicesPriv
0x000000000461c000 	/System/Library/Frameworks/Carbon.framework/Versions/A/Frameworks/HIToolbox.framework/Versions/A/HIToolbox
0x000000000461c000 	/System/Library/Frameworks/QuartzCore.framework/Versions/A/QuartzCore
0x000000000461c000 	/System/Library/Frameworks/Carbon.framework/Versions/A/Frameworks/SpeechRecognition.framework/Versions/A/SpeechRecognition
0x000000000461c000 	/usr/lib/libauto.dylib
0x000000000461c000 	/usr/lib/libicucore.A.dylib
0x000000000461c000 	/usr/lib/libxml2.2.dylib
0x000000000461c000 	/System/Library/PrivateFrameworks/CoreUI.framework/Versions/A/CoreUI
0x000000000461c000 	/System/Library/Frameworks/CoreAudio.framework/Versions/A/CoreAudio
0x000000000461c000 	/System/Library/Frameworks/DiskArbitration.framework/Versions/A/DiskArbitration
0x000000000461c000 	/usr/lib/liblangid.dylib
0x000000000461c000 	/System/Library/PrivateFrameworks/MultitouchSupport.framework/Versions/A/MultitouchSupport
0x000000000461c000 	/System/Library/Frameworks/IOKit.framework/Versions/A/IOKit
0x000000000461c000 	/usr/lib/libDiagnosticMessagesClient.dylib
0x000000000461c000 	/System/Library/Frameworks/CoreServices.framework/Versions/A/CoreServices
0x000000000461c000 	/System/Library/PrivateFrameworks/PerformanceAnalysis.framework/Versions/A/PerformanceAnalysis
0x000000000461c000 	/System/Library/PrivateFrameworks/GenerationalStorage.framework/Versions/A/GenerationalStorage
0x000000000461c000 	/System/Library/Frameworks/OpenGL.framework/Versions/A/OpenGL
0x000000000461c000 	/System/Library/PrivateFrameworks/Sharing.framework/Versions/A/Sharing
0x000000000461c000 	/System/Library/Frameworks/CoreGraphics.framework/Versions/A/CoreGraphics
0x000000000461c000 	/System/Library/Frameworks/CoreText.framework/Versions/A/CoreText
0x000000000461c000 	/System/Library/Frameworks/ImageIO.framework/Versions/A/ImageIO
0x000000000461c000 	/usr/lib/libextension.dylib
0x000000000461c000 	/System/Library/PrivateFrameworks/Backup.framework/Versions/A/Backup
0x000000000461c000 	/usr/lib/libarchive.2.dylib
0x000000000461c000 	/System/Library/Frameworks/CFNetwork.framework/Versions/A/CFNetwork
0x000000000461c000 	/System/Library/Frameworks/SystemConfiguration.framework/Versions/A/SystemConfiguration
0x000000000461c000 	/usr/lib/libCRFSuite.dylib
0x000000000461c000 	/usr/lib/libc++.1.dylib
0x000000000461c000 	/usr/lib/libc++abi.dylib
0x000000000461c000 	/usr/lib/system/libcache.dylib
0x000000000461c000 	/usr/lib/system/libcommonCrypto.dylib
0x000000000461c000 	/usr/lib/system/libcompiler_rt.dylib
0x000000000461c000 	/usr/lib/system/libcopyfile.dylib
0x000000000461c000 	/usr/lib/system/libcorecrypto.dylib
0x000000000461c000 	/usr/lib/system/libdispatch.dylib
0x000000000461c000 	/usr/lib/system/libdyld.dylib
0x000000000461c000 	/usr/lib/system/libkeymgr.dylib
0x000000000461c000 	/usr/lib/system/liblaunch.dylib
0x000000000461c000 	/usr/lib/system/libmacho.dylib
0x000000000461c000 	/usr/lib/system/libquarantine.dylib
0x000000000461c000 	/usr/lib/system/libremovefile.dylib
0x000000000461c000 	/usr/lib/system/libsystem_asl.dylib
0x000000000461c000 	/usr/lib/system/libsystem_blocks.dylib
0x000000000461c000 	/usr/lib/system/libsystem_c.dylib
0x000000000461c000 	/usr/lib/system/libsystem_configuration.dylib
0x000000000461c000 	/usr/lib/system/libsystem_coreservices.dylib
0x000000000461c000 	/usr/lib/system/libsystem_coretls.dylib
0x000000000461c000 	/usr/lib/system/libsystem_dnssd.dylib
0x000000000461c000 	/usr/lib/system/libsystem_info.dylib
0x000000000461c000 	/usr/lib/system/libsystem_kernel.dylib
0x000000000461c000 	/usr/lib/system/libsystem_m.dylib
0x000000000461c000 	/usr/lib/system/libsystem_malloc.dylib
0x000000000461c000 	/usr/lib/system/libsystem_network.dylib
0x000000000461c000 	/usr/lib/system/libsystem_networkextension.dylib
0x000000000461c000 	/usr/lib/system/libsystem_notify.dylib
0x000000000461c000 	/usr/lib/system/libsystem_platform.dylib
0x000000000461c000 	/usr/lib/system/libsystem_pthread.dylib
0x000000000461c000 	/usr/lib/system/libsystem_sandbox.dylib
0x000000000461c000 	/usr/lib/system/libsystem_secinit.dylib
0x000000000461c000 	/usr/lib/system/libsystem_stats.dylib
0x000000000461c000 	/usr/lib/system/libsystem_trace.dylib
0x000000000461c000 	/usr/lib/system/libunc.dylib
0x000000000461c000 	/usr/lib/system/libunwind.dylib
0x000000000461c000 	/usr/lib/system/libxpc.dylib
0x000000000461c000 	/usr/lib/libbz2.1.0.dylib
0x000000000461c000 	/usr/lib/liblzma.5.dylib
0x000000000461c000 	/usr/lib/libbsm.0.dylib
0x000000000461c000 	/usr/lib/libsqlite3.dylib
0x000000000461c000 	/usr/lib/system/libkxld.dylib
0x000000000461c000 	/usr/lib/libxar.1.dylib
0x000000000461c000 	/usr/lib/libpam.2.dylib
0x000000000461c000 	/usr/lib/libOpenScriptingUtil.dylib
0x000000000461c000 	/System/Library/Frameworks/CoreServices.framework/Versions/A/Frameworks/FSEvents.framework/Versions/A/FSEvents
0x000000000461c000 	/System/Library/Frameworks/CoreServices.framework/Versions/A/Frameworks/CarbonCore.framework/Versions/A/CarbonCore
0x000000000461c000 	/System/Library/Frameworks/CoreServices.framework/Versions/A/Frameworks/Metadata.framework/Versions/A/Metadata
0x000000000461c000 	/System/Library/Frameworks/CoreServices.framework/Versions/A/Frameworks/OSServices.framework/Versions/A/OSServices
0x000000000461c000 	/System/Library/Frameworks/CoreServices.framework/Versions/A/Frameworks/SearchKit.framework/Versions/A/SearchKit
0x000000000461c000 	/System/Library/Frameworks/CoreServices.framework/Versions/A/Frameworks/AE.framework/Versions/A/AE
0x000000000461c000 	/System/Library/Frameworks/CoreServices.framework/Versions/A/Frameworks/LaunchServices.framework/Versions/A/LaunchServices
0x000000000461c000 	/System/Library/Frameworks/CoreServices.framework/Versions/A/Frameworks/DictionaryServices.framework/Versions/A/DictionaryServices
0x000000000461c000 	/System/Library/Frameworks/NetFS.framework/Versions/A/NetFS
0x000000000461c000 	/System/Library/PrivateFrameworks/NetAuth.framework/Versions/A/NetAuth
0x000000000461c000 	/System/Library/PrivateFrameworks/login.framework/Versions/A/Frameworks/loginsupport.framework/Versions/A/loginsupport
0x000000000461c000 	/System/Library/PrivateFrameworks/TCC.framework/Versions/A/TCC
0x000000000461c000 	/usr/lib/libmecabra.dylib
0x000000000461c000 	/System/Library/Frameworks/ApplicationServices.framework/Versions/A/Frameworks/ATS.framework/Versions/A/ATS
0x000000000461c000 	/System/Library/Frameworks/ApplicationServices.framework/Versions/A/Frameworks/ColorSync.framework/Versions/A/ColorSync
0x000000000461c000 	/System/Library/Frameworks/ApplicationServices.framework/Versions/A/Frameworks/HIServices.framework/Versions/A/HIServices
0x000000000461c000 	/System/Library/Frameworks/ApplicationServices.framework/Versions/A/Frameworks/LangAnalysis.framework/Versions/A/LangAnalysis
0x000000000461c000 	/System/Library/Frameworks/ApplicationServices.framework/Versions/A/Frameworks/PrintCore.framework/Versions/A/PrintCore
0x000000000461c000 	/System/Library/Frameworks/ApplicationServices.framework/Versions/A/Frameworks/QD.framework/Versions/A/QD
0x000000000461c000 	/System/Library/Frameworks/ApplicationServices.framework/Versions/A/Frameworks/SpeechSynthesis.framework/Versions/A/SpeechSynthesis
0x000000000461c000 	/System/Library/Frameworks/Accelerate.framework/Versions/A/Accelerate
0x000000000461c000 	/System/Library/Frameworks/Accelerate.framework/Versions/A/Frameworks/vImage.framework/Versions/A/vImage
0x000000000461c000 	/System/Library/Frameworks/Accelerate.framework/Versions/A/Frameworks/vecLib.framework/Versions/A/vecLib
0x000000000461c000 	/System/Library/Frameworks/Accelerate.framework/Versions/A/Frameworks/vecLib.framework/Versions/A/libvDSP.dylib
0x000000000461c000 	/System/Library/Frameworks/Accelerate.framework/Versions/A/Frameworks/vecLib.framework/Versions/A/libvMisc.dylib
0x000000000461c000 	/System/Library/Frameworks/Accelerate.framework/Versions/A/Frameworks/vecLib.framework/Versions/A/libLAPACK.dylib
0x000000000461c000 	/System/Library/Frameworks/Accelerate.framework/Versions/A/Frameworks/vecLib.framework/Versions/A/libBLAS.dylib
0x000000000461c000 	/System/Library/Frameworks/Accelerate.framework/Versions/A/Frameworks/vecLib.framework/Versions/A/libLinearAlgebra.dylib
0x000000000461c000 	/System/Library/Frameworks/ApplicationServices.framework/Versions/A/Frameworks/ATS.framework/Versions/A/Resources/libFontParser.dylib
0x000000000461c000 	/System/Library/Frameworks/ApplicationServices.framework/Versions/A/Frameworks/ATS.framework/Versions/A/Resources/libFontRegistry.dylib
0x000000000461c000 	/System/Library/PrivateFrameworks/AppleVPA.framework/Versions/A/AppleVPA
0x000000000461c000 	/System/Library/PrivateFrameworks/AppleJPEG.framework/Versions/A/AppleJPEG
0x000000000461c000 	/System/Library/Frameworks/ImageIO.framework/Versions/A/Resources/libJPEG.dylib
0x000000000461c000 	/System/Library/Frameworks/ImageIO.framework/Versions/A/Resources/libTIFF.dylib
0x000000000461c000 	/System/Library/Frameworks/ImageIO.framework/Versions/A/Resources/libPng.dylib
0x000000000461c000 	/System/Library/Frameworks/ImageIO.framework/Versions/A/Resources/libGIF.dylib
0x000000000461c000 	/System/Library/Frameworks/ImageIO.framework/Versions/A/Resources/libJP2.dylib
0x000000000461c000 	/System/Library/Frameworks/ImageIO.framework/Versions/A/Resources/libRadiance.dylib
0x000000000461c000 	/System/Library/Frameworks/CoreVideo.framework/Versions/A/CoreVideo
0x000000000461c000 	/System/Library/Frameworks/OpenGL.framework/Versions/A/Libraries/libGLU.dylib
0x000000000461c000 	/System/Library/Frameworks/OpenGL.framework/Versions/A/Libraries/libGFXShared.dylib
0x000000000461c000 	/System/Library/Frameworks/OpenGL.framework/Versions/A/Libraries/libGL.dylib
0x000000000461c000 	/System/Library/Frameworks/OpenGL.framework/Versions/A/Libraries/libGLImage.dylib
0x000000000461c000 	/System/Library/Frameworks/OpenGL.framework/Versions/A/Libraries/libCVMSPluginSupport.dylib
0x000000000461c000 	/System/Library/Frameworks/OpenGL.framework/Versions/A/Libraries/libCoreVMClient.dylib
0x000000000461c000 	/usr/lib/libcups.2.dylib
0x000000000461c000 	/System/Library/Frameworks/Kerberos.framework/Versions/A/Kerberos
0x000000000461c000 	/System/Library/Frameworks/GSS.framework/Versions/A/GSS
0x000000000461c000 	/usr/lib/libresolv.9.dylib
0x000000000461c000 	/usr/lib/libiconv.2.dylib
0x000000000461c000 	/System/Library/PrivateFrameworks/Heimdal.framework/Versions/A/Heimdal
0x000000000461c000 	/usr/lib/libheimdal-asn1.dylib
0x000000000461c000 	/System/Library/Frameworks/OpenDirectory.framework/Versions/A/OpenDirectory
0x000000000461c000 	/System/Library/PrivateFrameworks/CommonAuth.framework/Versions/A/CommonAuth
0x000000000461c000 	/System/Library/Frameworks/OpenDirectory.framework/Versions/A/Frameworks/CFOpenDirectory.framework/Versions/A/CFOpenDirectory
0x000000000461c000 	/System/Library/Frameworks/SecurityFoundation.framework/Versions/A/SecurityFoundation
0x000000000461c000 	/System/Library/PrivateFrameworks/LanguageModeling.framework/Versions/A/LanguageModeling
0x000000000461c000 	/usr/lib/libcmph.dylib
0x000000000461c000 	/System/Library/Frameworks/ServiceManagement.framework/Versions/A/ServiceManagement
0x000000000461c000 	/usr/lib/libxslt.1.dylib
0x000000000461c000 	/System/Library/Frameworks/Carbon.framework/Versions/A/Frameworks/Ink.framework/Versions/A/Ink
0x000000000461c000 	/System/Library/Frameworks/QuartzCore.framework/Versions/A/Frameworks/CoreImage.framework/Versions/A/CoreImage
0x000000000461c000 	/System/Library/PrivateFrameworks/CrashReporterSupport.framework/Versions/A/CrashReporterSupport
0x000000000461c000 	/System/Library/Frameworks/OpenCL.framework/Versions/A/OpenCL
0x000000000461c000 	/System/Library/PrivateFrameworks/FaceCore.framework/Versions/A/FaceCore
0x000000000461c000 	/System/Library/PrivateFrameworks/Ubiquity.framework/Versions/A/Ubiquity
0x000000000461c000 	/System/Library/PrivateFrameworks/IconServices.framework/Versions/A/IconServices
0x000000000461c000 	/System/Library/PrivateFrameworks/ChunkingLibrary.framework/Versions/A/ChunkingLibrary
0x000000000461c000 	/System/Library/PrivateFrameworks/Apple80211.framework/Versions/A/Apple80211
0x000000000461c000 	/System/Library/Frameworks/CoreWLAN.framework/Versions/A/CoreWLAN
0x000000000461c000 	/System/Library/Frameworks/IOBluetooth.framework/Versions/A/IOBluetooth
0x000000000461c000 	/System/Library/PrivateFrameworks/CoreWiFi.framework/Versions/A/CoreWiFi
0x000000000461c000 	/System/Library/Frameworks/CoreBluetooth.framework/Versions/A/CoreBluetooth
0x000000000461c000 	/System/Library/PrivateFrameworks/DebugSymbols.framework/Versions/A/DebugSymbols
0x000000000461c000 	/System/Library/PrivateFrameworks/CoreSymbolication.framework/Versions/A/CoreSymbolication
0x000000000461c000 	/System/Library/PrivateFrameworks/Symbolication.framework/Versions/A/Symbolication
0x000000000461c000 	/System/Library/PrivateFrameworks/SpeechRecognitionCore.framework/Versions/A/SpeechRecognitionCore
0x0000000102200000 	/Library/Java/JavaVirtualMachines/jdk1.8.0_25.jdk/Contents/Home/jre/lib/server/libjvm.dylib
0x000000000461c000 	/usr/lib/libstdc++.6.dylib
0x00000001019bf000 	/Library/Java/JavaVirtualMachines/jdk1.8.0_25.jdk/Contents/Home/jre/lib/libverify.dylib
0x000000010321f000 	/Library/Java/JavaVirtualMachines/jdk1.8.0_25.jdk/Contents/Home/jre/lib/libjava.dylib
0x00000001019d7000 	/Library/Java/JavaVirtualMachines/jdk1.8.0_25.jdk/Contents/Home/jre/lib/libzip.dylib
0x0000000116d22000 	/System/Library/Frameworks/JavaVM.framework/Frameworks/JavaRuntimeSupport.framework/JavaRuntimeSupport
0x0000000116d3a000 	/System/Library/Frameworks/JavaVM.framework/Versions/A/Frameworks/JavaNativeFoundation.framework/Versions/A/JavaNativeFoundation
0x0000000116d4f000 	/System/Library/Frameworks/JavaVM.framework/Versions/A/JavaVM
0x000000000461c000 	/System/Library/Frameworks/Carbon.framework/Versions/A/Carbon
0x00000001019f4000 	/System/Library/PrivateFrameworks/JavaLaunching.framework/Versions/A/JavaLaunching
0x000000000461c000 	/System/Library/Frameworks/Carbon.framework/Versions/A/Frameworks/CommonPanels.framework/Versions/A/CommonPanels
0x000000000461c000 	/System/Library/Frameworks/Carbon.framework/Versions/A/Frameworks/Help.framework/Versions/A/Help
0x000000000461c000 	/System/Library/Frameworks/Carbon.framework/Versions/A/Frameworks/ImageCapture.framework/Versions/A/ImageCapture
0x000000000461c000 	/System/Library/Frameworks/Carbon.framework/Versions/A/Frameworks/OpenScripting.framework/Versions/A/OpenScripting
0x000000000461c000 	/System/Library/Frameworks/Carbon.framework/Versions/A/Frameworks/Print.framework/Versions/A/Print
0x000000000461c000 	/System/Library/Frameworks/Carbon.framework/Versions/A/Frameworks/SecurityHI.framework/Versions/A/SecurityHI
0x0000000118d3c000 	/Library/Java/JavaVirtualMachines/jdk1.8.0_25.jdk/Contents/Home/jre/lib/libprism_es2.dylib
0x000000000461c000 	/System/Library/Frameworks/OpenGL.framework/Versions/A/Resources/GLEngine.bundle/GLEngine
0x000000000461c000 	/System/Library/Frameworks/OpenGL.framework/Versions/A/Libraries/libGLProgrammability.dylib
0x0000000000000000 	/System/Library/Extensions/AppleIntelHD4000GraphicsGLDriver.bundle/Contents/MacOS/AppleIntelHD4000GraphicsGLDriver
0x000000000461c000 	/System/Library/PrivateFrameworks/IOAccelerator.framework/Versions/A/IOAccelerator
0x000000000461c000 	/System/Library/PrivateFrameworks/GPUSupport.framework/Versions/A/Libraries/libGPUSupportMercury.dylib
0x000000000461c000 	/System/Library/Frameworks/OpenGL.framework/Versions/A/Resources/GLRendererFloat.bundle/GLRendererFloat
0x000000000461c000 	/System/Library/Frameworks/OpenCL.framework/Versions/A/Libraries/libcldcpuengine.dylib
0x000000000461c000 	/System/Library/PrivateFrameworks/DiskImages.framework/Versions/A/DiskImages
0x000000000461c000 	/System/Library/Frameworks/DiscRecording.framework/Versions/A/DiscRecording
0x000000000461c000 	/usr/lib/libcsfde.dylib
0x000000000461c000 	/usr/lib/libcurl.4.dylib
0x000000000461c000 	/System/Library/PrivateFrameworks/MediaKit.framework/Versions/A/MediaKit
0x000000000461c000 	/System/Library/PrivateFrameworks/ProtectedCloudStorage.framework/Versions/A/ProtectedCloudStorage
0x000000000461c000 	/usr/lib/libCoreStorage.dylib
0x000000000461c000 	/System/Library/PrivateFrameworks/EFILogin.framework/Versions/A/EFILogin
0x000000000461c000 	/usr/lib/libutil.dylib
0x000000000461c000 	/System/Library/PrivateFrameworks/FindMyDevice.framework/Versions/A/FindMyDevice
0x000000000461c000 	/System/Library/Frameworks/LDAP.framework/Versions/A/LDAP
0x000000000461c000 	/usr/lib/libsasl2.2.dylib
0x000000000461c000 	/System/Library/PrivateFrameworks/CoreDaemon.framework/Versions/B/CoreDaemon
0x000000000461c000 	/usr/lib/libcrypto.0.9.8.dylib
0x000000000461c000 	/System/Library/PrivateFrameworks/AppleSRP.framework/Versions/A/AppleSRP
0x000000000461c000 	/System/Library/PrivateFrameworks/TrustEvaluationAgent.framework/Versions/A/TrustEvaluationAgent
0x00000001191e8000 	/Library/Java/JavaVirtualMachines/jdk1.8.0_25.jdk/Contents/Home/jre/lib/libglass.dylib
0x000000000461c000 	/System/Library/PrivateFrameworks/CoreServicesInternal.framework/Versions/A/CoreServicesInternal
0x000000000461c000 	/System/Library/PrivateFrameworks/CloudDocs.framework/Versions/A/CloudDocs
0x000000000461c000 	/System/Library/PrivateFrameworks/CoreDuet.framework/Versions/A/CoreDuet
0x000000000461c000 	/System/Library/Frameworks/CloudKit.framework/Versions/A/CloudKit
0x000000000461c000 	/System/Library/PrivateFrameworks/ProtocolBuffer.framework/Versions/A/ProtocolBuffer
0x000000000461c000 	/System/Library/PrivateFrameworks/CoreDuetDaemonProtocol.framework/Versions/A/CoreDuetDaemonProtocol
0x000000000461c000 	/System/Library/PrivateFrameworks/CoreDuetDebugLogging.framework/Versions/A/CoreDuetDebugLogging
0x000000000461c000 	/System/Library/Frameworks/CoreLocation.framework/Versions/A/CoreLocation
0x000000000461c000 	/System/Library/Frameworks/Accounts.framework/Versions/A/Accounts
0x000000000461c000 	/System/Library/PrivateFrameworks/ApplePushService.framework/Versions/A/ApplePushService
0x000000000461c000 	/System/Library/PrivateFrameworks/GeoServices.framework/Versions/A/GeoServices
0x000000000461c000 	/System/Library/PrivateFrameworks/OAuth.framework/Versions/A/OAuth
0x000000000461c000 	/System/Library/Frameworks/CoreGraphics.framework/Versions/A/Resources/libCGCMS.A.dylib
0x000000000461c000 	/System/Library/CoreServices/RawCamera.bundle/Contents/MacOS/RawCamera
0x000000000461c000 	/System/Library/Frameworks/CoreGraphics.framework/Versions/A/Resources/libRIP.A.dylib
0x000000000461c000 	/System/Library/PrivateFrameworks/FamilyControls.framework/Versions/A/FamilyControls
0x000000000461c000 	/System/Library/PrivateFrameworks/CommerceKit.framework/Versions/A/Frameworks/CommerceCore.framework/Versions/A/CommerceCore
0x000000000461c000 	/System/Library/PrivateFrameworks/SystemAdministration.framework/Versions/A/SystemAdministration
0x000000000461c000 	/System/Library/PrivateFrameworks/AppContainer.framework/Versions/A/AppContainer
0x000000000461c000 	/System/Library/PrivateFrameworks/SecCodeWrapper.framework/Versions/A/SecCodeWrapper
0x000000000461c000 	/System/Library/Frameworks/DirectoryService.framework/Versions/A/DirectoryService
0x000000000461c000 	/System/Library/PrivateFrameworks/LoginUIKit.framework/Versions/A/Frameworks/LoginUICore.framework/Versions/A/LoginUICore
0x000000000461c000 	/usr/lib/libodfde.dylib
0x000000011c7ed000 	/Library/Java/JavaVirtualMachines/jdk1.8.0_25.jdk/Contents/Home/jre/lib/libjfxwebkit.dylib
0x000000000461c000 	/System/Library/Frameworks/CoreGraphics.framework/Versions/A/Resources/libCGXType.A.dylib
0x000000011fc42000 	cl_kernels
0x000000011fc44000 	/System/Library/Frameworks/OpenCL.framework/Versions/A/Libraries/ImageFormats/unorm8_bgra.dylib
0x000000011fc35000 	cl_kernels
0x00000001200ad000 	/Library/Java/JavaVirtualMachines/jdk1.8.0_25.jdk/Contents/Home/jre/lib/libnio.dylib
0x00000001200bd000 	/Library/Java/JavaVirtualMachines/jdk1.8.0_25.jdk/Contents/Home/jre/lib/./libnet.dylib
0x00000001206e0000 	/Library/Java/JavaVirtualMachines/jdk1.8.0_25.jdk/Contents/Home/jre/lib/libjavafx_font.dylib
0x0000000121756000 	/Library/Java/JavaVirtualMachines/jdk1.8.0_25.jdk/Contents/Home/jre/lib/libprism_common.dylib
0x0000000122f69000 	/Library/Java/JavaVirtualMachines/jdk1.8.0_25.jdk/Contents/Home/jre/lib/libsunec.dylib
0x000000011ab60000 	/Library/Java/JavaVirtualMachines/jdk1.8.0_25.jdk/Contents/Home/jre/lib/libjavafx_iio.dylib

VM Arguments:
jvm_args: -Dfile.encoding=UTF-8 
java_command: /Users/NguX/NetBeansProjects/travelplanner/dist/run1894766842/cmpt381_project.jar
java_class_path (initial): /Users/NguX/NetBeansProjects/travelplanner/dist/run1894766842/cmpt381_project.jar
Launcher Type: SUN_STANDARD

Environment Variables:
PATH=/usr/bin:/bin:/usr/sbin:/sbin
LD_LIBRARY_PATH=/Library/Java/JavaVirtualMachines/jdk1.8.0_25.jdk/Contents/Home/jre/lib/amd64:/Library/Java/JavaVirtualMachines/jdk1.8.0_25.jdk/Contents/Home/jre/lib/i386:
SHELL=/bin/bash
DISPLAY=/private/tmp/com.apple.launchd.fpoFxtJWLU/org.macosforge.xquartz:0
DYLD_LIBRARY_PATH=/Applications/NetBeans/NetBeans 8.0.2.app/Contents/Resources/NetBeans/webcommon/bin:

Signal Handlers:
SIGSEGV: [libjvm.dylib+0x579dc7], sa_mask[0]=11111111011111110111111111111111, sa_flags=SA_ONSTACK|SA_RESTART|SA_SIGINFO
SIGBUS: [libjvm.dylib+0x579dc7], sa_mask[0]=11111111011111110111111111111111, sa_flags=SA_RESTART|SA_SIGINFO
SIGFPE: [libjvm.dylib+0x45b030], sa_mask[0]=11111111011111110111111111111111, sa_flags=SA_RESTART|SA_SIGINFO
SIGPIPE: [libjvm.dylib+0x45b030], sa_mask[0]=11111111011111110111111111111111, sa_flags=SA_RESTART|SA_SIGINFO
SIGXFSZ: [libjvm.dylib+0x45b030], sa_mask[0]=11111111011111110111111111111111, sa_flags=SA_RESTART|SA_SIGINFO
SIGILL: [libjvm.dylib+0x45b030], sa_mask[0]=11111111011111110111111111111111, sa_flags=SA_RESTART|SA_SIGINFO
SIGUSR1: SIG_DFL, sa_mask[0]=00000000000000000000000000000000, sa_flags=none
SIGUSR2: [libjvm.dylib+0x45ab4e], sa_mask[0]=00100000000000000000000000000000, sa_flags=SA_RESTART|SA_SIGINFO
SIGHUP: [libjvm.dylib+0x459121], sa_mask[0]=11111111011111110111111111111111, sa_flags=SA_RESTART|SA_SIGINFO
SIGINT: SIG_IGN, sa_mask[0]=00000000000000000000000000000000, sa_flags=none
SIGTERM: [libjvm.dylib+0x459121], sa_mask[0]=11111111011111110111111111111111, sa_flags=SA_RESTART|SA_SIGINFO
SIGQUIT: [libjvm.dylib+0x459121], sa_mask[0]=11111111011111110111111111111111, sa_flags=SA_RESTART|SA_SIGINFO


---------------  S Y S T E M  ---------------

OS:Bsduname:Darwin 14.1.0 Darwin Kernel Version 14.1.0: Thu Feb 26 19:26:47 PST 2015; root:xnu-2782.10.73~1/RELEASE_X86_64 x86_64
rlimit: STACK 8192k, CORE 0k, NPROC 709, NOFILE 10240, AS infinity
load average:2.57 2.03 2.04

CPU:total 4 (2 cores per cpu, 2 threads per core) family 6 model 58 stepping 9, cmov, cx8, fxsr, mmx, sse, sse2, sse3, ssse3, sse4.1, sse4.2, popcnt, avx, aes, clmul, erms, ht, tsc, tscinvbit, tscinv

Memory: 4k page, physical 4194304k(15856k free)

/proc/meminfo:


vm_info: Java HotSpot(TM) 64-Bit Server VM (25.25-b02) for bsd-amd64 JRE (1.8.0_25-b17), built on Sep 17 2014 16:56:50 by "java_re" with gcc 4.2.1 (Based on Apple Inc. build 5658) (LLVM build 2336.11.00)

time: Tue Apr  7 00:42:19 2015
elapsed time: 11 seconds (0d 0h 0m 11s)

