#
# A fatal error has been detected by the Java Runtime Environment:
#
#  SIGSEGV (0xb) at pc=0x000000011ee83fe0, pid=42777, tid=1811
#
# JRE version: Java(TM) SE Runtime Environment (8.0_25-b17) (build 1.8.0_25-b17)
# Java VM: Java HotSpot(TM) 64-Bit Server VM (25.25-b02 mixed mode bsd-amd64 compressed oops)
# Problematic frame:
# C  [libjfxwebkit.dylib+0xd92fe0]  JSObjectGetProperty+0x30
#
# Failed to write core dump. Core dumps have been disabled. To enable core dumping, try "ulimit -c unlimited" before starting Java again
#
# If you would like to submit a bug report, please visit:
#   http://bugreport.sun.com/bugreport/crash.jsp
# The crash happened outside the Java Virtual Machine in native code.
# See problematic frame for where to report the bug.
#

---------------  T H R E A D  ---------------

Current thread (0x00007fc455129000):  JavaThread "JavaFX Application Thread" [_thread_in_native, id=1811, stack(0x00007fff5c307000,0x00007fff5cb07000)]

siginfo: si_signo: 11 (SIGSEGV), si_code: 1 (SEGV_MAPERR), si_addr: 0xffffffffffff0468

Registers:
RAX=0xffffffffffff0000, RBX=0x0000000000000000, RCX=0x0000000000000000, RDX=0x00007fc4584fb000
RSP=0x00007fff5cb01fd0, RBP=0x00007fff5cb02010, RSI=0x000000012011ffd8, RDI=0x00007fc455129000
R8 =0x0000000000000000, R9 =0x00000000ffffffe8, R10=0x0000000104b18668, R11=0x00007fbcd3c18858
R12=0x00007fc455129000, R13=0x0000000781fca4d8, R14=0x00007fc4584fb000, R15=0x000000012011ffd8
RIP=0x000000011ee83fe0, EFLAGS=0x0000000000010286, ERR=0x0000000000000004
  TRAPNO=0x000000000000000e

Top of Stack: (sp=0x00007fff5cb01fd0)
0x00007fff5cb01fd0:   0000000000000003 0000000781fca4d8
0x00007fff5cb01fe0:   00007fc455129000 00007fc455129000
0x00007fff5cb01ff0:   00007fc455129000 00007fc4584fb000
0x00007fff5cb02000:   00007fff5cb020f0 0000000000000000
0x00007fff5cb02010:   00007fff5cb02060 000000011ea0d5d4
0x00007fff5cb02020:   00007fc455129000 000000012011ffd8
0x00007fff5cb02030:   0000000000000000 000000012613cde0
0x00007fff5cb02040:   0000000000000000 000000012613cde0
0x00007fff5cb02050:   00007fff5cb02108 00007fc455129000
0x00007fff5cb02060:   00007fff5cb020d0 0000000104b18694
0x00007fff5cb02070:   00007fff5cb020d0 0000000104b18419
0x00007fff5cb02080:   0000000104b24563 0000000104b183e2
0x00007fff5cb02090:   00007fff5cb02090 000000012613cde0
0x00007fff5cb020a0:   00007fff5cb02108 000000012613e7f0
0x00007fff5cb020b0:   0000000000000000 000000012613cde0
0x00007fff5cb020c0:   0000000000000000 00007fff5cb020f0
0x00007fff5cb020d0:   00007fff5cb02150 0000000104b0a710
0x00007fff5cb020e0:   0000000781feca58 0000000104b122bb
0x00007fff5cb020f0:   0000000781fca4b0 0000000000000000
0x00007fff5cb02100:   000000012011ffd8 0000000780b86140
0x00007fff5cb02110:   00007fff5cb02110 000000012613cd49
0x00007fff5cb02120:   00007fff5cb02168 000000012613e7f0
0x00007fff5cb02130:   0000000000000000 000000012613cd58
0x00007fff5cb02140:   00007fff5cb020f0 00007fff5cb02160
0x00007fff5cb02150:   00007fff5cb021b8 0000000104b0a710
0x00007fff5cb02160:   0000000781fca4b0 0000000780b86140
0x00007fff5cb02170:   0000000780322990 00007fff5cb02178
0x00007fff5cb02180:   0000000116c28e9f 00007fff5cb02238
0x00007fff5cb02190:   0000000116c29660 0000000000000000
0x00007fff5cb021a0:   0000000116c29238 00007fff5cb02160
0x00007fff5cb021b0:   00007fff5cb02230 00007fff5cb02280
0x00007fff5cb021c0:   0000000104b0a98d 00000007ab4b04b0 

Instructions: (pc=0x000000011ee83fe0)
0x000000011ee83fc0:   89 cb 49 89 d6 49 89 f7 48 85 ff 0f 84 48 01 00
0x000000011ee83fd0:   00 49 89 fc 48 c7 c0 00 00 ff ff 49 23 44 24 e8
0x000000011ee83fe0:   48 8b 80 68 04 00 00 48 8b b0 c8 8f 00 00 48 8d
0x000000011ee83ff0:   7d c0 ba 01 00 00 00 e8 1a 11 67 ff 48 8d 7d d0 

Register to memory mapping:

RAX=0xffffffffffff0000 is an unknown value
RBX=0x0000000000000000 is an unknown value
RCX=0x0000000000000000 is an unknown value
RDX=0x00007fc4584fb000 is an unknown value
RSP=0x00007fff5cb01fd0 is pointing into the stack for thread: 0x00007fc455129000
RBP=0x00007fff5cb02010 is pointing into the stack for thread: 0x00007fc455129000
RSI=0x000000012011ffd8 is an unknown value
RDI=0x00007fc455129000 is a thread
R8 =0x0000000000000000 is an unknown value
R9 =0x00000000ffffffe8 is an unknown value
R10=0x0000000104b18668 is at code_begin+808 in an Interpreter codelet
method entry point (kind = native)  [0x0000000104b18340, 0x0000000104b18c40]  2304 bytes
R11=0x00007fbcd3c18858 is an unknown value
R12=0x00007fc455129000 is a thread
R13=0x0000000781fca4d8 is pointing into object: 0x0000000781fca4c8
[C 
 - klass: {type array char}
 - length: 3
R14=0x00007fc4584fb000 is an unknown value
R15=0x000000012011ffd8 is an unknown value


Stack: [0x00007fff5c307000,0x00007fff5cb07000],  sp=0x00007fff5cb01fd0,  free space=8171k
Native frames: (J=compiled Java code, j=interpreted, Vv=VM code, C=native code)
C  [libjfxwebkit.dylib+0xd92fe0]  JSObjectGetProperty+0x30
C  [libjfxwebkit.dylib+0x91c5d4]  Java_com_sun_webkit_dom_JSObject_getMemberImpl+0xb4
j  com.sun.webkit.dom.JSObject.getMemberImpl(JILjava/lang/String;)Ljava/lang/Object;+0
j  com.sun.webkit.dom.JSObject.getMember(Ljava/lang/String;)Ljava/lang/Object;+9
j  MVC.TravalPlanner.setTabs(Ljava/lang/String;)V+943
j  MVC.TravalPlanner.lambda$start$0(Ljavafx/scene/control/TextField;Ljavafx/scene/control/TextField;Ljavafx/scene/control/ChoiceBox;Ljavafx/scene/input/MouseEvent;)V+174
j  MVC.TravalPlanner$$Lambda$123.handle(Ljavafx/event/Event;)V+20
j  com.sun.javafx.event.CompositeEventHandler.dispatchBubblingEvent(Ljavafx/event/Event;)V+51
J 3356 C1 com.sun.javafx.event.EventHandlerManager.dispatchBubblingEvent(Ljavafx/event/Event;)Ljavafx/event/Event; (23 bytes) @ 0x00000001053ce124 [0x00000001053cda80+0x6a4]
J 3324 C1 com.sun.javafx.event.CompositeEventDispatcher.dispatchBubblingEvent(Ljavafx/event/Event;)Ljavafx/event/Event; (35 bytes) @ 0x00000001053aa85c [0x00000001053aa6a0+0x1bc]
J 3161 C1 com.sun.javafx.event.BasicEventDispatcher.dispatchEvent(Ljavafx/event/Event;Ljavafx/event/EventDispatchChain;)Ljavafx/event/Event; (44 bytes) @ 0x0000000104ff3c74 [0x0000000104ff3940+0x334]
J 3131 C1 com.sun.javafx.event.EventDispatchChainImpl.dispatchEvent(Ljavafx/event/Event;)Ljavafx/event/Event; (101 bytes) @ 0x0000000105322a94 [0x00000001053228e0+0x1b4]
J 3161 C1 com.sun.javafx.event.BasicEventDispatcher.dispatchEvent(Ljavafx/event/Event;Ljavafx/event/EventDispatchChain;)Ljavafx/event/Event; (44 bytes) @ 0x0000000104ff3b8c [0x0000000104ff3940+0x24c]
J 3131 C1 com.sun.javafx.event.EventDispatchChainImpl.dispatchEvent(Ljavafx/event/Event;)Ljavafx/event/Event; (101 bytes) @ 0x0000000105322a94 [0x00000001053228e0+0x1b4]
J 3161 C1 com.sun.javafx.event.BasicEventDispatcher.dispatchEvent(Ljavafx/event/Event;Ljavafx/event/EventDispatchChain;)Ljavafx/event/Event; (44 bytes) @ 0x0000000104ff3b8c [0x0000000104ff3940+0x24c]
J 3131 C1 com.sun.javafx.event.EventDispatchChainImpl.dispatchEvent(Ljavafx/event/Event;)Ljavafx/event/Event; (101 bytes) @ 0x0000000105322a94 [0x00000001053228e0+0x1b4]
J 3556 C1 com.sun.javafx.event.EventUtil.fireEvent(Ljavafx/event/EventTarget;Ljavafx/event/Event;)Ljavafx/event/Event; (81 bytes) @ 0x000000010546fb2c [0x000000010546f400+0x72c]
J 3301 C1 javafx.event.Event.fireEvent(Ljavafx/event/EventTarget;Ljavafx/event/Event;)V (35 bytes) @ 0x000000010539c02c [0x000000010539bf60+0xcc]
j  javafx.scene.Scene$ClickGenerator.postProcess(Ljavafx/scene/input/MouseEvent;Ljavafx/scene/Scene$TargetWrapper;Ljavafx/scene/Scene$TargetWrapper;)V+247
j  javafx.scene.Scene$ClickGenerator.access$7900(Ljavafx/scene/Scene$ClickGenerator;Ljavafx/scene/input/MouseEvent;Ljavafx/scene/Scene$TargetWrapper;Ljavafx/scene/Scene$TargetWrapper;)V+4
j  javafx.scene.Scene$MouseHandler.process(Ljavafx/scene/input/MouseEvent;Z)V+538
j  javafx.scene.Scene$MouseHandler.access$1500(Ljavafx/scene/Scene$MouseHandler;Ljavafx/scene/input/MouseEvent;Z)V+3
j  javafx.scene.Scene.impl_processMouseEvent(Ljavafx/scene/input/MouseEvent;)V+6
j  javafx.scene.Scene$ScenePeerListener.mouseEvent(Ljavafx/event/EventType;DDDDLjavafx/scene/input/MouseButton;ZZZZZZZZZ)V+46
j  com.sun.javafx.tk.quantum.GlassViewEventHandler$MouseEventNotification.run()Ljava/lang/Void;+438
j  com.sun.javafx.tk.quantum.GlassViewEventHandler$MouseEventNotification.run()Ljava/lang/Object;+1
v  ~StubRoutines::call_stub
V  [libjvm.dylib+0x2d4516]
V  [libjvm.dylib+0x32aeb2]
J 1976  java.security.AccessController.doPrivileged(Ljava/security/PrivilegedAction;Ljava/security/AccessControlContext;)Ljava/lang/Object; (0 bytes) @ 0x0000000105146e15 [0x0000000105146d40+0xd5]
j  com.sun.javafx.tk.quantum.GlassViewEventHandler.handleMouseEvent(Lcom/sun/glass/ui/View;JIIIIIIIZZ)V+108
j  com.sun.glass.ui.View.handleMouseEvent(JIIIIIIIZZ)V+30
j  com.sun.glass.ui.View.notifyMouse(IIIIIIIZZ)V+181
v  ~StubRoutines::call_stub
V  [libjvm.dylib+0x2d4516]
V  [libjvm.dylib+0x30993b]
V  [libjvm.dylib+0x2fc576]
C  [libglass.dylib+0x216db]  -[GlassViewDelegate sendJavaMouseEvent:]+0x81b
C  [AppKit+0x74fb5b]  -[NSWindow _reallySendEvent:]+0x2f4
C  [AppKit+0x1d916e]  -[NSWindow sendEvent:]+0x1be
C  [libglass.dylib+0x241e5]  -[GlassWindow_Normal sendEvent:]+0x75
C  [AppKit+0x18b451]  -[NSApplication sendEvent:]+0x1057
C  [AppKit+0x17608]  -[NSApplication run]+0x2c7
C  [libglass.dylib+0x6757]  -[GlassApplication runLoop:]+0x6f7
C  [Foundation+0x65cdc]  __NSThreadPerformPerform+0x125
C  [CoreFoundation+0x80681]  __CFRUNLOOP_IS_CALLING_OUT_TO_A_SOURCE0_PERFORM_FUNCTION__+0x11
C  [CoreFoundation+0x7280d]  __CFRunLoopDoSources0+0x10d
C  [CoreFoundation+0x71e3f]  __CFRunLoopRun+0x39f
C  [CoreFoundation+0x71858]  CFRunLoopRunSpecific+0x128
C  [java+0x56cc]  CreateExecutionEnvironment+0x367
C  [java+0x165c]  JLI_Launch+0x7a0
C  [java+0x768a]  main+0x65
C  [java+0xeb4]  start+0x34
C  0x0000000000000006

Java frames: (J=compiled Java code, j=interpreted, Vv=VM code)
j  com.sun.webkit.dom.JSObject.getMemberImpl(JILjava/lang/String;)Ljava/lang/Object;+0
j  com.sun.webkit.dom.JSObject.getMember(Ljava/lang/String;)Ljava/lang/Object;+9
j  MVC.TravalPlanner.setTabs(Ljava/lang/String;)V+943
j  MVC.TravalPlanner.lambda$start$0(Ljavafx/scene/control/TextField;Ljavafx/scene/control/TextField;Ljavafx/scene/control/ChoiceBox;Ljavafx/scene/input/MouseEvent;)V+174
j  MVC.TravalPlanner$$Lambda$123.handle(Ljavafx/event/Event;)V+20
j  com.sun.javafx.event.CompositeEventHandler.dispatchBubblingEvent(Ljavafx/event/Event;)V+51
J 3356 C1 com.sun.javafx.event.EventHandlerManager.dispatchBubblingEvent(Ljavafx/event/Event;)Ljavafx/event/Event; (23 bytes) @ 0x00000001053ce124 [0x00000001053cda80+0x6a4]
J 3324 C1 com.sun.javafx.event.CompositeEventDispatcher.dispatchBubblingEvent(Ljavafx/event/Event;)Ljavafx/event/Event; (35 bytes) @ 0x00000001053aa85c [0x00000001053aa6a0+0x1bc]
J 3161 C1 com.sun.javafx.event.BasicEventDispatcher.dispatchEvent(Ljavafx/event/Event;Ljavafx/event/EventDispatchChain;)Ljavafx/event/Event; (44 bytes) @ 0x0000000104ff3c74 [0x0000000104ff3940+0x334]
J 3131 C1 com.sun.javafx.event.EventDispatchChainImpl.dispatchEvent(Ljavafx/event/Event;)Ljavafx/event/Event; (101 bytes) @ 0x0000000105322a94 [0x00000001053228e0+0x1b4]
J 3161 C1 com.sun.javafx.event.BasicEventDispatcher.dispatchEvent(Ljavafx/event/Event;Ljavafx/event/EventDispatchChain;)Ljavafx/event/Event; (44 bytes) @ 0x0000000104ff3b8c [0x0000000104ff3940+0x24c]
J 3131 C1 com.sun.javafx.event.EventDispatchChainImpl.dispatchEvent(Ljavafx/event/Event;)Ljavafx/event/Event; (101 bytes) @ 0x0000000105322a94 [0x00000001053228e0+0x1b4]
J 3161 C1 com.sun.javafx.event.BasicEventDispatcher.dispatchEvent(Ljavafx/event/Event;Ljavafx/event/EventDispatchChain;)Ljavafx/event/Event; (44 bytes) @ 0x0000000104ff3b8c [0x0000000104ff3940+0x24c]
J 3131 C1 com.sun.javafx.event.EventDispatchChainImpl.dispatchEvent(Ljavafx/event/Event;)Ljavafx/event/Event; (101 bytes) @ 0x0000000105322a94 [0x00000001053228e0+0x1b4]
J 3556 C1 com.sun.javafx.event.EventUtil.fireEvent(Ljavafx/event/EventTarget;Ljavafx/event/Event;)Ljavafx/event/Event; (81 bytes) @ 0x000000010546fb2c [0x000000010546f400+0x72c]
J 3301 C1 javafx.event.Event.fireEvent(Ljavafx/event/EventTarget;Ljavafx/event/Event;)V (35 bytes) @ 0x000000010539c02c [0x000000010539bf60+0xcc]
j  javafx.scene.Scene$ClickGenerator.postProcess(Ljavafx/scene/input/MouseEvent;Ljavafx/scene/Scene$TargetWrapper;Ljavafx/scene/Scene$TargetWrapper;)V+247
j  javafx.scene.Scene$ClickGenerator.access$7900(Ljavafx/scene/Scene$ClickGenerator;Ljavafx/scene/input/MouseEvent;Ljavafx/scene/Scene$TargetWrapper;Ljavafx/scene/Scene$TargetWrapper;)V+4
j  javafx.scene.Scene$MouseHandler.process(Ljavafx/scene/input/MouseEvent;Z)V+538
j  javafx.scene.Scene$MouseHandler.access$1500(Ljavafx/scene/Scene$MouseHandler;Ljavafx/scene/input/MouseEvent;Z)V+3
j  javafx.scene.Scene.impl_processMouseEvent(Ljavafx/scene/input/MouseEvent;)V+6
j  javafx.scene.Scene$ScenePeerListener.mouseEvent(Ljavafx/event/EventType;DDDDLjavafx/scene/input/MouseButton;ZZZZZZZZZ)V+46
j  com.sun.javafx.tk.quantum.GlassViewEventHandler$MouseEventNotification.run()Ljava/lang/Void;+438
j  com.sun.javafx.tk.quantum.GlassViewEventHandler$MouseEventNotification.run()Ljava/lang/Object;+1
v  ~StubRoutines::call_stub
J 1976  java.security.AccessController.doPrivileged(Ljava/security/PrivilegedAction;Ljava/security/AccessControlContext;)Ljava/lang/Object; (0 bytes) @ 0x0000000105146da3 [0x0000000105146d40+0x63]
j  com.sun.javafx.tk.quantum.GlassViewEventHandler.handleMouseEvent(Lcom/sun/glass/ui/View;JIIIIIIIZZ)V+108
j  com.sun.glass.ui.View.handleMouseEvent(JIIIIIIIZZ)V+30
j  com.sun.glass.ui.View.notifyMouse(IIIIIIIZZ)V+181
v  ~StubRoutines::call_stub

---------------  P R O C E S S  ---------------

Java Threads: ( => current thread )
  0x00007fc45557e800 JavaThread "URL-Loader-20" daemon [_thread_blocked, id=69639, stack(0x0000000127874000,0x0000000127974000)]
  0x00007fc454c89800 JavaThread "URL-Loader-19" daemon [_thread_blocked, id=68355, stack(0x00000001275f4000,0x00000001276f4000)]
  0x00007fc453e5e000 JavaThread "URL-Loader-18" daemon [_thread_blocked, id=67843, stack(0x00000001274f1000,0x00000001275f1000)]
  0x00007fc454403000 JavaThread "URL-Loader-17" daemon [_thread_blocked, id=67331, stack(0x00000001273d1000,0x00000001274d1000)]
  0x00007fc453e69800 JavaThread "URL-Loader-16" daemon [_thread_blocked, id=66819, stack(0x0000000127213000,0x0000000127313000)]
  0x00007fc4555ea800 JavaThread "URL-Loader-15" daemon [_thread_blocked, id=66307, stack(0x0000000127110000,0x0000000127210000)]
  0x00007fc455676000 JavaThread "URL-Loader-14" daemon [_thread_blocked, id=66055, stack(0x000000012700d000,0x000000012710d000)]
  0x00007fc453eb9000 JavaThread "URL-Loader-13" daemon [_thread_blocked, id=65543, stack(0x0000000126f0a000,0x000000012700a000)]
  0x00007fc455660800 JavaThread "URL-Loader-12" daemon [_thread_blocked, id=64771, stack(0x0000000126e07000,0x0000000126f07000)]
  0x00007fc4543a1000 JavaThread "URL-Loader-11" daemon [_thread_blocked, id=63747, stack(0x0000000126c01000,0x0000000126d01000)]
  0x00007fc4543ab800 JavaThread "URL-Loader-10" daemon [_thread_blocked, id=63527, stack(0x00000001259d1000,0x0000000125ad1000)]
  0x00007fc455487000 JavaThread "URL-Loader-9" daemon [_thread_blocked, id=62979, stack(0x0000000126ae4000,0x0000000126be4000)]
  0x00007fc455486000 JavaThread "URL-Loader-8" daemon [_thread_blocked, id=62475, stack(0x00000001269e1000,0x0000000126ae1000)]
  0x00007fc455408800 JavaThread "URL-Loader-7" daemon [_thread_blocked, id=61955, stack(0x00000001268ca000,0x00000001269ca000)]
  0x00007fc453ca5800 JavaThread "URL-Loader-6" daemon [_thread_blocked, id=61443, stack(0x00000001267c7000,0x00000001268c7000)]
  0x00007fc453c9c800 JavaThread "URL-Loader-5" daemon [_thread_blocked, id=60931, stack(0x00000001266c4000,0x00000001267c4000)]
  0x00007fc454334800 JavaThread "URL-Loader-4" daemon [_thread_blocked, id=60343, stack(0x00000001265c1000,0x00000001266c1000)]
  0x00007fc45437e800 JavaThread "URL-Loader-3" daemon [_thread_blocked, id=59651, stack(0x0000000126380000,0x0000000126480000)]
  0x00007fc453c3c000 JavaThread "Watchdog-Timer-1" daemon [_thread_blocked, id=58403, stack(0x000000012627d000,0x000000012637d000)]
  0x00007fc455066000 JavaThread "Keep-Alive-Timer" daemon [_thread_blocked, id=59211, stack(0x000000012617a000,0x000000012627a000)]
  0x00007fc454b50800 JavaThread "URL-Loader-2" daemon [_thread_blocked, id=56591, stack(0x0000000123968000,0x0000000123a68000)]
  0x00007fc455267800 JavaThread "Prism Font Disposer" daemon [_thread_blocked, id=53279, stack(0x000000012212b000,0x000000012222b000)]
  0x00007fc4539bb000 JavaThread "URL-Loader-1" daemon [_thread_blocked, id=53007, stack(0x000000012191b000,0x0000000121a1b000)]
  0x00007fc4551d5000 JavaThread "Disposer" daemon [_thread_blocked, id=48647, stack(0x0000000120001000,0x0000000120101000)]
  0x00007fc4551a3000 JavaThread "JavaFX-Launcher" [_thread_blocked, id=47875, stack(0x000000011dfef000,0x000000011e0ef000)]
  0x00007fc4548fe000 JavaThread "Thread-3" daemon [_thread_in_native, id=35591, stack(0x000000011ce15000,0x000000011ce95000)]
=>0x00007fc455129000 JavaThread "JavaFX Application Thread" [_thread_in_native, id=1811, stack(0x00007fff5c307000,0x00007fff5cb07000)]
  0x00007fc453904000 JavaThread "Thread-1" daemon [_thread_blocked, id=23327, stack(0x000000011aaca000,0x000000011abca000)]
  0x00007fc4550ed000 JavaThread "QuantumRenderer-0" daemon [_thread_blocked, id=19203, stack(0x000000011a4bb000,0x000000011a5bb000)]
  0x00007fc45381b000 JavaThread "Service Thread" daemon [_thread_blocked, id=18179, stack(0x000000011a1ec000,0x000000011a2ec000)]
  0x00007fc455009800 JavaThread "C1 CompilerThread2" daemon [_thread_blocked, id=17667, stack(0x000000011a0e9000,0x000000011a1e9000)]
  0x00007fc455008800 JavaThread "C2 CompilerThread1" daemon [_thread_blocked, id=17155, stack(0x0000000119fe6000,0x000000011a0e6000)]
  0x00007fc45381a800 JavaThread "C2 CompilerThread0" daemon [_thread_blocked, id=16643, stack(0x0000000119ee3000,0x0000000119fe3000)]
  0x00007fc455006000 JavaThread "Signal Dispatcher" daemon [_thread_blocked, id=13331, stack(0x0000000119de0000,0x0000000119ee0000)]
  0x00007fc455022800 JavaThread "Finalizer" daemon [_thread_blocked, id=11523, stack(0x00000001184b0000,0x00000001185b0000)]
  0x00007fc454813800 JavaThread "Reference Handler" daemon [_thread_blocked, id=11011, stack(0x00000001183ad000,0x00000001184ad000)]
  0x00007fc454801800 JavaThread "main" [_thread_blocked, id=4867, stack(0x0000000104a01000,0x0000000104b01000)]

Other Threads:
  0x00007fc454031000 VMThread [stack: 0x00000001182aa000,0x00000001183aa000] [id=10499]
  0x00007fc455007000 WatcherThread [stack: 0x000000011a2ef000,0x000000011a3ef000] [id=18691]

VM state:not at safepoint (normal execution)

VM Mutex/Monitor currently owned by a thread: None

Heap:
 PSYoungGen      total 50688K, used 21527K [0x00000007aab00000, 0x00000007ae900000, 0x00000007c0000000)
  eden space 39936K, 53% used [0x00000007aab00000,0x00000007ac005c38,0x00000007ad200000)
  from space 10752K, 0% used [0x00000007ade80000,0x00000007ade80000,0x00000007ae900000)
  to   space 11776K, 0% used [0x00000007ad200000,0x00000007ad200000,0x00000007add80000)
 ParOldGen       total 102912K, used 39139K [0x0000000780000000, 0x0000000786480000, 0x00000007aab00000)
  object space 102912K, 38% used [0x0000000780000000,0x0000000782638f50,0x0000000786480000)
 Metaspace       used 22973K, capacity 24038K, committed 24192K, reserved 1071104K
  class space    used 3193K, capacity 3406K, committed 3456K, reserved 1048576K

Card table byte_map: [0x0000000113ec3000,0x00000001140c4000] byte_map_base: 0x00000001102c3000

Marking Bits: (ParMarkBitMap*) 0x0000000103ac6390
 Begin Bits: [0x0000000114626000, 0x0000000115626000)
 End Bits:   [0x0000000115626000, 0x0000000116626000)

Polling page: 0x000000010419e000

CodeCache: size=245760Kb used=10261Kb max_used=10273Kb free=235498Kb
 bounds [0x0000000104b03000, 0x0000000105523000, 0x0000000113b03000]
 total_blobs=4156 nmethods=3401 adapters=668
 compilation: enabled

Compilation events (10 events):
Event: 11.249 Thread 0x00007fc455009800 3813       3       javafx.collections.ListChangeBuilder$SingleChange::getTo (12 bytes)
Event: 11.249 Thread 0x00007fc455009800 nmethod 3813 0x0000000104fe9f10 code [0x0000000104fea0a0, 0x0000000104fea348]
Event: 11.250 Thread 0x00007fc455009800 3815       3       javafx.beans.property.BooleanPropertyBase::invalidated (1 bytes)
Event: 11.250 Thread 0x00007fc455009800 nmethod 3815 0x0000000104f5f790 code [0x0000000104f5f8e0, 0x0000000104f5fa30]
Event: 11.259 Thread 0x00007fc45381a800 nmethod 3812 0x0000000104f01d10 code [0x0000000104f01ee0, 0x0000000104f026f8]
Event: 11.259 Thread 0x00007fc45381a800 3814       4       com.sun.javafx.css.BitSet::clear (84 bytes)
Event: 11.260 Thread 0x00007fc455008800 nmethod 3811 0x0000000104f03290 code [0x0000000104f03440, 0x0000000104f03c58]
Event: 11.263 Thread 0x00007fc45381a800 nmethod 3814 0x0000000104f01610 code [0x0000000104f01780, 0x0000000104f019d8]
Event: 11.329 Thread 0x00007fc455009800 3816       3       javafx.scene.Node::wouldCreateCycle (76 bytes)
Event: 11.329 Thread 0x00007fc45381a800 3818       4       javafx.scene.Parent::impl_getAllParentStylesheets (100 bytes)

GC Heap History (10 events):
Event: 3.496 GC heap before
{Heap before GC invocations=4 (full 1):
 PSYoungGen      total 35328K, used 2544K [0x00000007aab00000, 0x00000007ad000000, 0x00000007c0000000)
  eden space 32768K, 0% used [0x00000007aab00000,0x00000007aab00000,0x00000007acb00000)
  from space 2560K, 99% used [0x00000007acb00000,0x00000007acd7c030,0x00000007acd80000)
  to   space 2560K, 0% used [0x00000007acd80000,0x00000007acd80000,0x00000007ad000000)
 ParOldGen       total 44032K, used 8020K [0x0000000780000000, 0x0000000782b00000, 0x00000007aab00000)
  object space 44032K, 18% used [0x0000000780000000,0x00000007807d51d0,0x0000000782b00000)
 Metaspace       used 20308K, capacity 21168K, committed 21296K, reserved 1067008K
  class space    used 2955K, capacity 3129K, committed 3200K, reserved 1048576K
Event: 3.586 GC heap after
Heap after GC invocations=4 (full 1):
 PSYoungGen      total 35328K, used 0K [0x00000007aab00000, 0x00000007ad000000, 0x00000007c0000000)
  eden space 32768K, 0% used [0x00000007aab00000,0x00000007aab00000,0x00000007acb00000)
  from space 2560K, 0% used [0x00000007acb00000,0x00000007acb00000,0x00000007acd80000)
  to   space 2560K, 0% used [0x00000007acd80000,0x00000007acd80000,0x00000007ad000000)
 ParOldGen       total 46080K, used 10218K [0x0000000780000000, 0x0000000782d00000, 0x00000007aab00000)
  object space 46080K, 22% used [0x0000000780000000,0x00000007809fabc0,0x0000000782d00000)
 Metaspace       used 20306K, capacity 21166K, committed 21296K, reserved 1067008K
  class space    used 2954K, capacity 3128K, committed 3200K, reserved 1048576K
}
Event: 5.224 GC heap before
{Heap before GC invocations=5 (full 1):
 PSYoungGen      total 35328K, used 32768K [0x00000007aab00000, 0x00000007ad000000, 0x00000007c0000000)
  eden space 32768K, 100% used [0x00000007aab00000,0x00000007acb00000,0x00000007acb00000)
  from space 2560K, 0% used [0x00000007acb00000,0x00000007acb00000,0x00000007acd80000)
  to   space 2560K, 0% used [0x00000007acd80000,0x00000007acd80000,0x00000007ad000000)
 ParOldGen       total 46080K, used 10218K [0x0000000780000000, 0x0000000782d00000, 0x00000007aab00000)
  object space 46080K, 22% used [0x0000000780000000,0x00000007809fabc0,0x0000000782d00000)
 Metaspace       used 21988K, capacity 22998K, committed 23168K, reserved 1069056K
  class space    used 3145K, capacity 3370K, committed 3456K, reserved 1048576K
Event: 5.231 GC heap after
Heap after GC invocations=5 (full 1):
 PSYoungGen      total 35328K, used 2551K [0x00000007aab00000, 0x00000007ad880000, 0x00000007c0000000)
  eden space 32768K, 0% used [0x00000007aab00000,0x00000007aab00000,0x00000007acb00000)
  from space 2560K, 99% used [0x00000007acd80000,0x00000007acffdd40,0x00000007ad000000)
  to   space 2560K, 0% used [0x00000007acb00000,0x00000007acb00000,0x00000007acd80000)
 ParOldGen       total 46080K, used 13734K [0x0000000780000000, 0x0000000782d00000, 0x00000007aab00000)
  object space 46080K, 29% used [0x0000000780000000,0x0000000780d69bb0,0x0000000782d00000)
 Metaspace       used 21988K, capacity 22998K, committed 23168K, reserved 1069056K
  class space    used 3145K, capacity 3370K, committed 3456K, reserved 1048576K
}
Event: 8.830 GC heap before
{Heap before GC invocations=6 (full 1):
 PSYoungGen      total 35328K, used 35319K [0x00000007aab00000, 0x00000007ad880000, 0x00000007c0000000)
  eden space 32768K, 100% used [0x00000007aab00000,0x00000007acb00000,0x00000007acb00000)
  from space 2560K, 99% used [0x00000007acd80000,0x00000007acffdd40,0x00000007ad000000)
  to   space 2560K, 0% used [0x00000007acb00000,0x00000007acb00000,0x00000007acd80000)
 ParOldGen       total 46080K, used 13734K [0x0000000780000000, 0x0000000782d00000, 0x00000007aab00000)
  object space 46080K, 29% used [0x0000000780000000,0x0000000780d69bb0,0x0000000782d00000)
 Metaspace       used 22736K, capacity 23848K, committed 23936K, reserved 1069056K
  class space    used 3165K, capacity 3379K, committed 3456K, reserved 1048576K
Event: 8.840 GC heap after
Heap after GC invocations=6 (full 1):
 PSYoungGen      total 35328K, used 2536K [0x00000007aab00000, 0x00000007aea80000, 0x00000007c0000000)
  eden space 32768K, 0% used [0x00000007aab00000,0x00000007aab00000,0x00000007acb00000)
  from space 2560K, 99% used [0x00000007acb00000,0x00000007acd7a078,0x00000007acd80000)
  to   space 12288K, 0% used [0x00000007ade80000,0x00000007ade80000,0x00000007aea80000)
 ParOldGen       total 46080K, used 21439K [0x0000000780000000, 0x0000000782d00000, 0x00000007aab00000)
  object space 46080K, 46% used [0x0000000780000000,0x00000007814efc38,0x0000000782d00000)
 Metaspace       used 22736K, capacity 23848K, committed 23936K, reserved 1069056K
  class space    used 3165K, capacity 3379K, committed 3456K, reserved 1048576K
}
Event: 11.050 GC heap before
{Heap before GC invocations=7 (full 1):
 PSYoungGen      total 35328K, used 34009K [0x00000007aab00000, 0x00000007aea80000, 0x00000007c0000000)
  eden space 32768K, 96% used [0x00000007aab00000,0x00000007ac9bc4b8,0x00000007acb00000)
  from space 2560K, 99% used [0x00000007acb00000,0x00000007acd7a078,0x00000007acd80000)
  to   space 12288K, 0% used [0x00000007ade80000,0x00000007ade80000,0x00000007aea80000)
 ParOldGen       total 46080K, used 21439K [0x0000000780000000, 0x0000000782d00000, 0x00000007aab00000)
  object space 46080K, 46% used [0x0000000780000000,0x00000007814efc38,0x0000000782d00000)
 Metaspace       used 22975K, capacity 24074K, committed 24192K, reserved 1071104K
  class space    used 3196K, capacity 3412K, committed 3456K, reserved 1048576K
Event: 11.065 GC heap after
Heap after GC invocations=7 (full 1):
 PSYoungGen      total 50688K, used 7227K [0x00000007aab00000, 0x00000007ae900000, 0x00000007c0000000)
  eden space 39936K, 0% used [0x00000007aab00000,0x00000007aab00000,0x00000007ad200000)
  from space 10752K, 67% used [0x00000007ade80000,0x00000007ae58ee80,0x00000007ae900000)
  to   space 11776K, 0% used [0x00000007ad200000,0x00000007ad200000,0x00000007add80000)
 ParOldGen       total 46080K, used 36318K [0x0000000780000000, 0x0000000782d00000, 0x00000007aab00000)
  object space 46080K, 78% used [0x0000000780000000,0x0000000782377b88,0x0000000782d00000)
 Metaspace       used 22975K, capacity 24074K, committed 24192K, reserved 1071104K
  class space    used 3196K, capacity 3412K, committed 3456K, reserved 1048576K
}
Event: 11.065 GC heap before
{Heap before GC invocations=8 (full 2):
 PSYoungGen      total 50688K, used 7227K [0x00000007aab00000, 0x00000007ae900000, 0x00000007c0000000)
  eden space 39936K, 0% used [0x00000007aab00000,0x00000007aab00000,0x00000007ad200000)
  from space 10752K, 67% used [0x00000007ade80000,0x00000007ae58ee80,0x00000007ae900000)
  to   space 11776K, 0% used [0x00000007ad200000,0x00000007ad200000,0x00000007add80000)
 ParOldGen       total 46080K, used 36318K [0x0000000780000000, 0x0000000782d00000, 0x00000007aab00000)
  object space 46080K, 78% used [0x0000000780000000,0x0000000782377b88,0x0000000782d00000)
 Metaspace       used 22975K, capacity 24074K, committed 24192K, reserved 1071104K
  class space    used 3196K, capacity 3412K, committed 3456K, reserved 1048576K
Event: 11.145 GC heap after
Heap after GC invocations=8 (full 2):
 PSYoungGen      total 50688K, used 0K [0x00000007aab00000, 0x00000007ae900000, 0x00000007c0000000)
  eden space 39936K, 0% used [0x00000007aab00000,0x00000007aab00000,0x00000007ad200000)
  from space 10752K, 0% used [0x00000007ade80000,0x00000007ade80000,0x00000007ae900000)
  to   space 11776K, 0% used [0x00000007ad200000,0x00000007ad200000,0x00000007add80000)
 ParOldGen       total 102912K, used 39139K [0x0000000780000000, 0x0000000786480000, 0x00000007aab00000)
  object space 102912K, 38% used [0x0000000780000000,0x0000000782638f50,0x0000000786480000)
 Metaspace       used 22953K, capacity 24038K, committed 24192K, reserved 1071104K
  class space    used 3193K, capacity 3406K, committed 3456K, reserved 1048576K
}

Deoptimization events (10 events):
Event: 9.223 Thread 0x00007fc45437e800 Uncommon trap: reason=bimorphic action=maybe_recompile pc=0x0000000104c1f470 method=java.io.FilterInputStream.read()I @ 4
Event: 9.223 Thread 0x00007fc45437e800 Uncommon trap: reason=class_check action=maybe_recompile pc=0x0000000105187bf0 method=java.io.SequenceInputStream.read()I @ 13
Event: 9.223 Thread 0x00007fc45437e800 Uncommon trap: reason=bimorphic action=maybe_recompile pc=0x0000000104c1f470 method=java.io.FilterInputStream.read()I @ 4
Event: 9.964 Thread 0x00007fc455129000 Uncommon trap: reason=bimorphic action=maybe_recompile pc=0x0000000104ddc81c method=java.io.FilterInputStream.read([B)I @ 5
Event: 9.964 Thread 0x00007fc455129000 Uncommon trap: reason=bimorphic action=maybe_recompile pc=0x0000000104ddc81c method=java.io.FilterInputStream.read([B)I @ 5
Event: 9.968 Thread 0x00007fc455129000 Uncommon trap: reason=class_check action=maybe_recompile pc=0x0000000105187d78 method=java.io.SequenceInputStream.read()I @ 13
Event: 9.969 Thread 0x00007fc455129000 Uncommon trap: reason=bimorphic action=maybe_recompile pc=0x0000000104c1f470 method=java.io.FilterInputStream.read()I @ 4
Event: 10.920 Thread 0x00007fc455129000 Uncommon trap: reason=class_check action=maybe_recompile pc=0x0000000104e4f480 method=java.util.regex.Pattern$CharPropertyNames.charPropertyFor(Ljava/lang/String;)Ljava/util/regex/Pattern$CharProperty; @ 7
Event: 10.920 Thread 0x00007fc455129000 Uncommon trap: reason=class_check action=maybe_recompile pc=0x0000000104e4f480 method=java.util.regex.Pattern$CharPropertyNames.charPropertyFor(Ljava/lang/String;)Ljava/util/regex/Pattern$CharProperty; @ 7
Event: 10.920 Thread 0x00007fc455129000 Uncommon trap: reason=unreached action=reinterpret pc=0x0000000104c12030 method=java.util.regex.Pattern.compile()V @ 320

Internal exceptions (10 events):
Event: 2.076 Thread 0x00007fc455129000 Exception <a 'java/security/PrivilegedActionException'> (0x00000007ab1d50f0) thrown at [/HUDSON3/workspace/8-2-build-macosx-x86_64/jdk8u25/1514/hotspot/src/share/vm/prims/jvm.cpp, line 1312]
Event: 2.080 Thread 0x00007fc455129000 Exception <a 'java/security/PrivilegedActionException'> (0x00000007ab1f2170) thrown at [/HUDSON3/workspace/8-2-build-macosx-x86_64/jdk8u25/1514/hotspot/src/share/vm/prims/jvm.cpp, line 1312]
Event: 4.825 Thread 0x00007fc455129000 Exception <a 'java/security/PrivilegedActionException'> (0x00000007ab5f84c0) thrown at [/HUDSON3/workspace/8-2-build-macosx-x86_64/jdk8u25/1514/hotspot/src/share/vm/prims/jvm.cpp, line 1312]
Event: 4.825 Thread 0x00007fc455129000 Exception <a 'java/security/PrivilegedActionException'> (0x00000007ab5f8dc0) thrown at [/HUDSON3/workspace/8-2-build-macosx-x86_64/jdk8u25/1514/hotspot/src/share/vm/prims/jvm.cpp, line 1312]
Event: 4.825 Thread 0x00007fc455129000 Exception <a 'java/security/PrivilegedActionException'> (0x00000007ab5fceb0) thrown at [/HUDSON3/workspace/8-2-build-macosx-x86_64/jdk8u25/1514/hotspot/src/share/vm/prims/jvm.cpp, line 1312]
Event: 4.825 Thread 0x00007fc455129000 Exception <a 'java/security/PrivilegedActionException'> (0x00000007ab5fd7e0) thrown at [/HUDSON3/workspace/8-2-build-macosx-x86_64/jdk8u25/1514/hotspot/src/share/vm/prims/jvm.cpp, line 1312]
Event: 8.143 Thread 0x00007fc455129000 Exception <a 'java/security/PrivilegedActionException'> (0x00000007abaf5ac8) thrown at [/HUDSON3/workspace/8-2-build-macosx-x86_64/jdk8u25/1514/hotspot/src/share/vm/prims/jvm.cpp, line 1312]
Event: 9.964 Thread 0x00007fc455129000 Exception <a 'java/security/PrivilegedActionException'> (0x00000007ab8a57f8) thrown at [/HUDSON3/workspace/8-2-build-macosx-x86_64/jdk8u25/1514/hotspot/src/share/vm/prims/jvm.cpp, line 1312]
Event: 9.965 Thread 0x00007fc455129000 Exception <a 'java/security/PrivilegedActionException'> (0x00000007ab8c55f0) thrown at [/HUDSON3/workspace/8-2-build-macosx-x86_64/jdk8u25/1514/hotspot/src/share/vm/prims/jvm.cpp, line 1312]
Event: 9.967 Thread 0x00007fc455129000 Exception <a 'java/security/PrivilegedActionException'> (0x00000007ab8f9ce8) thrown at [/HUDSON3/workspace/8-2-build-macosx-x86_64/jdk8u25/1514/hotspot/src/share/vm/prims/jvm.cpp, line 1312]

Events (10 events):
Event: 11.178 Thread 0x00007fc455009800 flushing nmethod 0x00000001050ab2d0
Event: 11.179 Thread 0x00007fc45381a800 flushing nmethod 0x00000001050ed550
Event: 11.181 Thread 0x00007fc455009800 flushing nmethod 0x00000001051501d0
Event: 11.181 Thread 0x00007fc455009800 flushing nmethod 0x000000010519f290
Event: 11.189 Thread 0x00007fc455129000 DEOPT PACKING pc=0x0000000104c2b68f sp=0x00007fff5cb01b60
Event: 11.189 Thread 0x00007fc455129000 DEOPT UNPACKING pc=0x0000000104b4a373 sp=0x00007fff5cb01898 mode 0
Event: 11.190 Thread 0x00007fc455129000 DEOPT PACKING pc=0x0000000104c1db37 sp=0x00007fff5cb01b60
Event: 11.190 Thread 0x00007fc455129000 DEOPT UNPACKING pc=0x0000000104b4a373 sp=0x00007fff5cb01898 mode 0
Event: 11.249 Thread 0x00007fc455129000 DEOPT PACKING pc=0x0000000104f512e1 sp=0x00007fff5cb01510
Event: 11.249 Thread 0x00007fc455129000 DEOPT UNPACKING pc=0x0000000104b4a373 sp=0x00007fff5cb01290 mode 0


Dynamic libraries:
0x000000000461c000 	/System/Library/Frameworks/Cocoa.framework/Versions/A/Cocoa
0x000000000461c000 	/System/Library/Frameworks/Security.framework/Versions/A/Security
0x000000000461c000 	/System/Library/Frameworks/ApplicationServices.framework/Versions/A/ApplicationServices
0x000000000461c000 	/usr/lib/libz.1.dylib
0x000000000461c000 	/usr/lib/libSystem.B.dylib
0x000000000461c000 	/usr/lib/libobjc.A.dylib
0x000000000461c000 	/System/Library/Frameworks/CoreFoundation.framework/Versions/A/CoreFoundation
0x000000000461c000 	/System/Library/Frameworks/Foundation.framework/Versions/C/Foundation
0x000000000461c000 	/System/Library/Frameworks/AppKit.framework/Versions/C/AppKit
0x000000000461c000 	/System/Library/Frameworks/CoreData.framework/Versions/A/CoreData
0x000000000461c000 	/System/Library/PrivateFrameworks/RemoteViewServices.framework/Versions/A/RemoteViewServices
0x000000000461c000 	/System/Library/PrivateFrameworks/UIFoundation.framework/Versions/A/UIFoundation
0x000000000461c000 	/System/Library/Frameworks/IOSurface.framework/Versions/A/IOSurface
0x000000000461c000 	/System/Library/Frameworks/AudioToolbox.framework/Versions/A/AudioToolbox
0x000000000461c000 	/System/Library/Frameworks/AudioUnit.framework/Versions/A/AudioUnit
0x000000000461c000 	/System/Library/PrivateFrameworks/DataDetectorsCore.framework/Versions/A/DataDetectorsCore
0x000000000461c000 	/System/Library/PrivateFrameworks/DesktopServicesPriv.framework/Versions/A/DesktopServicesPriv
0x000000000461c000 	/System/Library/Frameworks/Carbon.framework/Versions/A/Frameworks/HIToolbox.framework/Versions/A/HIToolbox
0x000000000461c000 	/System/Library/Frameworks/QuartzCore.framework/Versions/A/QuartzCore
0x000000000461c000 	/System/Library/Frameworks/Carbon.framework/Versions/A/Frameworks/SpeechRecognition.framework/Versions/A/SpeechRecognition
0x000000000461c000 	/usr/lib/libauto.dylib
0x000000000461c000 	/usr/lib/libicucore.A.dylib
0x000000000461c000 	/usr/lib/libxml2.2.dylib
0x000000000461c000 	/System/Library/PrivateFrameworks/CoreUI.framework/Versions/A/CoreUI
0x000000000461c000 	/System/Library/Frameworks/CoreAudio.framework/Versions/A/CoreAudio
0x000000000461c000 	/System/Library/Frameworks/DiskArbitration.framework/Versions/A/DiskArbitration
0x000000000461c000 	/usr/lib/liblangid.dylib
0x000000000461c000 	/System/Library/PrivateFrameworks/MultitouchSupport.framework/Versions/A/MultitouchSupport
0x000000000461c000 	/System/Library/Frameworks/IOKit.framework/Versions/A/IOKit
0x000000000461c000 	/usr/lib/libDiagnosticMessagesClient.dylib
0x000000000461c000 	/System/Library/Frameworks/CoreServices.framework/Versions/A/CoreServices
0x000000000461c000 	/System/Library/PrivateFrameworks/PerformanceAnalysis.framework/Versions/A/PerformanceAnalysis
0x000000000461c000 	/System/Library/PrivateFrameworks/GenerationalStorage.framework/Versions/A/GenerationalStorage
0x000000000461c000 	/System/Library/Frameworks/OpenGL.framework/Versions/A/OpenGL
0x000000000461c000 	/System/Library/PrivateFrameworks/Sharing.framework/Versions/A/Sharing
0x000000000461c000 	/System/Library/Frameworks/CoreGraphics.framework/Versions/A/CoreGraphics
0x000000000461c000 	/System/Library/Frameworks/CoreText.framework/Versions/A/CoreText
0x000000000461c000 	/System/Library/Frameworks/ImageIO.framework/Versions/A/ImageIO
0x000000000461c000 	/usr/lib/libextension.dylib
0x000000000461c000 	/System/Library/PrivateFrameworks/Backup.framework/Versions/A/Backup
0x000000000461c000 	/usr/lib/libarchive.2.dylib
0x000000000461c000 	/System/Library/Frameworks/CFNetwork.framework/Versions/A/CFNetwork
0x000000000461c000 	/System/Library/Frameworks/SystemConfiguration.framework/Versions/A/SystemConfiguration
0x000000000461c000 	/usr/lib/libCRFSuite.dylib
0x000000000461c000 	/usr/lib/libc++.1.dylib
0x000000000461c000 	/usr/lib/libc++abi.dylib
0x000000000461c000 	/usr/lib/system/libcache.dylib
0x000000000461c000 	/usr/lib/system/libcommonCrypto.dylib
0x000000000461c000 	/usr/lib/system/libcompiler_rt.dylib
0x000000000461c000 	/usr/lib/system/libcopyfile.dylib
0x000000000461c000 	/usr/lib/system/libcorecrypto.dylib
0x000000000461c000 	/usr/lib/system/libdispatch.dylib
0x000000000461c000 	/usr/lib/system/libdyld.dylib
0x000000000461c000 	/usr/lib/system/libkeymgr.dylib
0x000000000461c000 	/usr/lib/system/liblaunch.dylib
0x000000000461c000 	/usr/lib/system/libmacho.dylib
0x000000000461c000 	/usr/lib/system/libquarantine.dylib
0x000000000461c000 	/usr/lib/system/libremovefile.dylib
0x000000000461c000 	/usr/lib/system/libsystem_asl.dylib
0x000000000461c000 	/usr/lib/system/libsystem_blocks.dylib
0x000000000461c000 	/usr/lib/system/libsystem_c.dylib
0x000000000461c000 	/usr/lib/system/libsystem_configuration.dylib
0x000000000461c000 	/usr/lib/system/libsystem_coreservices.dylib
0x000000000461c000 	/usr/lib/system/libsystem_coretls.dylib
0x000000000461c000 	/usr/lib/system/libsystem_dnssd.dylib
0x000000000461c000 	/usr/lib/system/libsystem_info.dylib
0x000000000461c000 	/usr/lib/system/libsystem_kernel.dylib
0x000000000461c000 	/usr/lib/system/libsystem_m.dylib
0x000000000461c000 	/usr/lib/system/libsystem_malloc.dylib
0x000000000461c000 	/usr/lib/system/libsystem_network.dylib
0x000000000461c000 	/usr/lib/system/libsystem_networkextension.dylib
0x000000000461c000 	/usr/lib/system/libsystem_notify.dylib
0x000000000461c000 	/usr/lib/system/libsystem_platform.dylib
0x000000000461c000 	/usr/lib/system/libsystem_pthread.dylib
0x000000000461c000 	/usr/lib/system/libsystem_sandbox.dylib
0x000000000461c000 	/usr/lib/system/libsystem_secinit.dylib
0x000000000461c000 	/usr/lib/system/libsystem_stats.dylib
0x000000000461c000 	/usr/lib/system/libsystem_trace.dylib
0x000000000461c000 	/usr/lib/system/libunc.dylib
0x000000000461c000 	/usr/lib/system/libunwind.dylib
0x000000000461c000 	/usr/lib/system/libxpc.dylib
0x000000000461c000 	/usr/lib/libbz2.1.0.dylib
0x000000000461c000 	/usr/lib/liblzma.5.dylib
0x000000000461c000 	/usr/lib/libbsm.0.dylib
0x000000000461c000 	/usr/lib/libsqlite3.dylib
0x000000000461c000 	/usr/lib/system/libkxld.dylib
0x000000000461c000 	/usr/lib/libxar.1.dylib
0x000000000461c000 	/usr/lib/libpam.2.dylib
0x000000000461c000 	/usr/lib/libOpenScriptingUtil.dylib
0x000000000461c000 	/System/Library/Frameworks/CoreServices.framework/Versions/A/Frameworks/FSEvents.framework/Versions/A/FSEvents
0x000000000461c000 	/System/Library/Frameworks/CoreServices.framework/Versions/A/Frameworks/CarbonCore.framework/Versions/A/CarbonCore
0x000000000461c000 	/System/Library/Frameworks/CoreServices.framework/Versions/A/Frameworks/Metadata.framework/Versions/A/Metadata
0x000000000461c000 	/System/Library/Frameworks/CoreServices.framework/Versions/A/Frameworks/OSServices.framework/Versions/A/OSServices
0x000000000461c000 	/System/Library/Frameworks/CoreServices.framework/Versions/A/Frameworks/SearchKit.framework/Versions/A/SearchKit
0x000000000461c000 	/System/Library/Frameworks/CoreServices.framework/Versions/A/Frameworks/AE.framework/Versions/A/AE
0x000000000461c000 	/System/Library/Frameworks/CoreServices.framework/Versions/A/Frameworks/LaunchServices.framework/Versions/A/LaunchServices
0x000000000461c000 	/System/Library/Frameworks/CoreServices.framework/Versions/A/Frameworks/DictionaryServices.framework/Versions/A/DictionaryServices
0x000000000461c000 	/System/Library/Frameworks/NetFS.framework/Versions/A/NetFS
0x000000000461c000 	/System/Library/PrivateFrameworks/NetAuth.framework/Versions/A/NetAuth
0x000000000461c000 	/System/Library/PrivateFrameworks/login.framework/Versions/A/Frameworks/loginsupport.framework/Versions/A/loginsupport
0x000000000461c000 	/System/Library/PrivateFrameworks/TCC.framework/Versions/A/TCC
0x000000000461c000 	/usr/lib/libmecabra.dylib
0x000000000461c000 	/System/Library/Frameworks/ApplicationServices.framework/Versions/A/Frameworks/ATS.framework/Versions/A/ATS
0x000000000461c000 	/System/Library/Frameworks/ApplicationServices.framework/Versions/A/Frameworks/ColorSync.framework/Versions/A/ColorSync
0x000000000461c000 	/System/Library/Frameworks/ApplicationServices.framework/Versions/A/Frameworks/HIServices.framework/Versions/A/HIServices
0x000000000461c000 	/System/Library/Frameworks/ApplicationServices.framework/Versions/A/Frameworks/LangAnalysis.framework/Versions/A/LangAnalysis
0x000000000461c000 	/System/Library/Frameworks/ApplicationServices.framework/Versions/A/Frameworks/PrintCore.framework/Versions/A/PrintCore
0x000000000461c000 	/System/Library/Frameworks/ApplicationServices.framework/Versions/A/Frameworks/QD.framework/Versions/A/QD
0x000000000461c000 	/System/Library/Frameworks/ApplicationServices.framework/Versions/A/Frameworks/SpeechSynthesis.framework/Versions/A/SpeechSynthesis
0x000000000461c000 	/System/Library/Frameworks/Accelerate.framework/Versions/A/Accelerate
0x000000000461c000 	/System/Library/Frameworks/Accelerate.framework/Versions/A/Frameworks/vImage.framework/Versions/A/vImage
0x000000000461c000 	/System/Library/Frameworks/Accelerate.framework/Versions/A/Frameworks/vecLib.framework/Versions/A/vecLib
0x000000000461c000 	/System/Library/Frameworks/Accelerate.framework/Versions/A/Frameworks/vecLib.framework/Versions/A/libvDSP.dylib
0x000000000461c000 	/System/Library/Frameworks/Accelerate.framework/Versions/A/Frameworks/vecLib.framework/Versions/A/libvMisc.dylib
0x000000000461c000 	/System/Library/Frameworks/Accelerate.framework/Versions/A/Frameworks/vecLib.framework/Versions/A/libLAPACK.dylib
0x000000000461c000 	/System/Library/Frameworks/Accelerate.framework/Versions/A/Frameworks/vecLib.framework/Versions/A/libBLAS.dylib
0x000000000461c000 	/System/Library/Frameworks/Accelerate.framework/Versions/A/Frameworks/vecLib.framework/Versions/A/libLinearAlgebra.dylib
0x000000000461c000 	/System/Library/Frameworks/ApplicationServices.framework/Versions/A/Frameworks/ATS.framework/Versions/A/Resources/libFontParser.dylib
0x000000000461c000 	/System/Library/Frameworks/ApplicationServices.framework/Versions/A/Frameworks/ATS.framework/Versions/A/Resources/libFontRegistry.dylib
0x000000000461c000 	/System/Library/PrivateFrameworks/AppleVPA.framework/Versions/A/AppleVPA
0x000000000461c000 	/System/Library/PrivateFrameworks/AppleJPEG.framework/Versions/A/AppleJPEG
0x000000000461c000 	/System/Library/Frameworks/ImageIO.framework/Versions/A/Resources/libJPEG.dylib
0x000000000461c000 	/System/Library/Frameworks/ImageIO.framework/Versions/A/Resources/libTIFF.dylib
0x000000000461c000 	/System/Library/Frameworks/ImageIO.framework/Versions/A/Resources/libPng.dylib
0x000000000461c000 	/System/Library/Frameworks/ImageIO.framework/Versions/A/Resources/libGIF.dylib
0x000000000461c000 	/System/Library/Frameworks/ImageIO.framework/Versions/A/Resources/libJP2.dylib
0x000000000461c000 	/System/Library/Frameworks/ImageIO.framework/Versions/A/Resources/libRadiance.dylib
0x000000000461c000 	/System/Library/Frameworks/CoreVideo.framework/Versions/A/CoreVideo
0x000000000461c000 	/System/Library/Frameworks/OpenGL.framework/Versions/A/Libraries/libGLU.dylib
0x000000000461c000 	/System/Library/Frameworks/OpenGL.framework/Versions/A/Libraries/libGFXShared.dylib
0x000000000461c000 	/System/Library/Frameworks/OpenGL.framework/Versions/A/Libraries/libGL.dylib
0x000000000461c000 	/System/Library/Frameworks/OpenGL.framework/Versions/A/Libraries/libGLImage.dylib
0x000000000461c000 	/System/Library/Frameworks/OpenGL.framework/Versions/A/Libraries/libCVMSPluginSupport.dylib
0x000000000461c000 	/System/Library/Frameworks/OpenGL.framework/Versions/A/Libraries/libCoreVMClient.dylib
0x000000000461c000 	/usr/lib/libcups.2.dylib
0x000000000461c000 	/System/Library/Frameworks/Kerberos.framework/Versions/A/Kerberos
0x000000000461c000 	/System/Library/Frameworks/GSS.framework/Versions/A/GSS
0x000000000461c000 	/usr/lib/libresolv.9.dylib
0x000000000461c000 	/usr/lib/libiconv.2.dylib
0x000000000461c000 	/System/Library/PrivateFrameworks/Heimdal.framework/Versions/A/Heimdal
0x000000000461c000 	/usr/lib/libheimdal-asn1.dylib
0x000000000461c000 	/System/Library/Frameworks/OpenDirectory.framework/Versions/A/OpenDirectory
0x000000000461c000 	/System/Library/PrivateFrameworks/CommonAuth.framework/Versions/A/CommonAuth
0x000000000461c000 	/System/Library/Frameworks/OpenDirectory.framework/Versions/A/Frameworks/CFOpenDirectory.framework/Versions/A/CFOpenDirectory
0x000000000461c000 	/System/Library/Frameworks/SecurityFoundation.framework/Versions/A/SecurityFoundation
0x000000000461c000 	/System/Library/PrivateFrameworks/LanguageModeling.framework/Versions/A/LanguageModeling
0x000000000461c000 	/usr/lib/libcmph.dylib
0x000000000461c000 	/System/Library/Frameworks/ServiceManagement.framework/Versions/A/ServiceManagement
0x000000000461c000 	/usr/lib/libxslt.1.dylib
0x000000000461c000 	/System/Library/Frameworks/Carbon.framework/Versions/A/Frameworks/Ink.framework/Versions/A/Ink
0x000000000461c000 	/System/Library/Frameworks/QuartzCore.framework/Versions/A/Frameworks/CoreImage.framework/Versions/A/CoreImage
0x000000000461c000 	/System/Library/PrivateFrameworks/CrashReporterSupport.framework/Versions/A/CrashReporterSupport
0x000000000461c000 	/System/Library/Frameworks/OpenCL.framework/Versions/A/OpenCL
0x000000000461c000 	/System/Library/PrivateFrameworks/FaceCore.framework/Versions/A/FaceCore
0x000000000461c000 	/System/Library/PrivateFrameworks/Ubiquity.framework/Versions/A/Ubiquity
0x000000000461c000 	/System/Library/PrivateFrameworks/IconServices.framework/Versions/A/IconServices
0x000000000461c000 	/System/Library/PrivateFrameworks/ChunkingLibrary.framework/Versions/A/ChunkingLibrary
0x000000000461c000 	/System/Library/PrivateFrameworks/Apple80211.framework/Versions/A/Apple80211
0x000000000461c000 	/System/Library/Frameworks/CoreWLAN.framework/Versions/A/CoreWLAN
0x000000000461c000 	/System/Library/Frameworks/IOBluetooth.framework/Versions/A/IOBluetooth
0x000000000461c000 	/System/Library/PrivateFrameworks/CoreWiFi.framework/Versions/A/CoreWiFi
0x000000000461c000 	/System/Library/Frameworks/CoreBluetooth.framework/Versions/A/CoreBluetooth
0x000000000461c000 	/System/Library/PrivateFrameworks/DebugSymbols.framework/Versions/A/DebugSymbols
0x000000000461c000 	/System/Library/PrivateFrameworks/CoreSymbolication.framework/Versions/A/CoreSymbolication
0x000000000461c000 	/System/Library/PrivateFrameworks/Symbolication.framework/Versions/A/Symbolication
0x000000000461c000 	/System/Library/PrivateFrameworks/SpeechRecognitionCore.framework/Versions/A/SpeechRecognitionCore
0x0000000103229000 	/Library/Java/JavaVirtualMachines/jdk1.8.0_25.jdk/Contents/Home/jre/lib/server/libjvm.dylib
0x000000000461c000 	/usr/lib/libstdc++.6.dylib
0x000000010415c000 	/Library/Java/JavaVirtualMachines/jdk1.8.0_25.jdk/Contents/Home/jre/lib/libverify.dylib
0x000000010416a000 	/Library/Java/JavaVirtualMachines/jdk1.8.0_25.jdk/Contents/Home/jre/lib/libjava.dylib
0x00000001041a8000 	/Library/Java/JavaVirtualMachines/jdk1.8.0_25.jdk/Contents/Home/jre/lib/libzip.dylib
0x00000001041e5000 	/System/Library/Frameworks/JavaVM.framework/Frameworks/JavaRuntimeSupport.framework/JavaRuntimeSupport
0x00000001185b2000 	/System/Library/Frameworks/JavaVM.framework/Versions/A/Frameworks/JavaNativeFoundation.framework/Versions/A/JavaNativeFoundation
0x00000001185c7000 	/System/Library/Frameworks/JavaVM.framework/Versions/A/JavaVM
0x000000000461c000 	/System/Library/Frameworks/Carbon.framework/Versions/A/Carbon
0x00000001185d4000 	/System/Library/PrivateFrameworks/JavaLaunching.framework/Versions/A/JavaLaunching
0x000000000461c000 	/System/Library/Frameworks/Carbon.framework/Versions/A/Frameworks/CommonPanels.framework/Versions/A/CommonPanels
0x000000000461c000 	/System/Library/Frameworks/Carbon.framework/Versions/A/Frameworks/Help.framework/Versions/A/Help
0x000000000461c000 	/System/Library/Frameworks/Carbon.framework/Versions/A/Frameworks/ImageCapture.framework/Versions/A/ImageCapture
0x000000000461c000 	/System/Library/Frameworks/Carbon.framework/Versions/A/Frameworks/OpenScripting.framework/Versions/A/OpenScripting
0x000000000461c000 	/System/Library/Frameworks/Carbon.framework/Versions/A/Frameworks/Print.framework/Versions/A/Print
0x000000000461c000 	/System/Library/Frameworks/Carbon.framework/Versions/A/Frameworks/SecurityHI.framework/Versions/A/SecurityHI
0x000000011a5bd000 	/Library/Java/JavaVirtualMachines/jdk1.8.0_25.jdk/Contents/Home/jre/lib/libprism_es2.dylib
0x000000000461c000 	/System/Library/Frameworks/OpenGL.framework/Versions/A/Resources/GLEngine.bundle/GLEngine
0x000000000461c000 	/System/Library/Frameworks/OpenGL.framework/Versions/A/Libraries/libGLProgrammability.dylib
0x0000000000000000 	/System/Library/Extensions/AppleIntelHD4000GraphicsGLDriver.bundle/Contents/MacOS/AppleIntelHD4000GraphicsGLDriver
0x000000000461c000 	/System/Library/PrivateFrameworks/IOAccelerator.framework/Versions/A/IOAccelerator
0x000000000461c000 	/System/Library/PrivateFrameworks/GPUSupport.framework/Versions/A/Libraries/libGPUSupportMercury.dylib
0x000000000461c000 	/System/Library/Frameworks/OpenGL.framework/Versions/A/Resources/GLRendererFloat.bundle/GLRendererFloat
0x000000000461c000 	/System/Library/Frameworks/OpenCL.framework/Versions/A/Libraries/libcldcpuengine.dylib
0x000000000461c000 	/System/Library/PrivateFrameworks/DiskImages.framework/Versions/A/DiskImages
0x000000000461c000 	/System/Library/Frameworks/DiscRecording.framework/Versions/A/DiscRecording
0x000000000461c000 	/usr/lib/libcsfde.dylib
0x000000000461c000 	/usr/lib/libcurl.4.dylib
0x000000000461c000 	/System/Library/PrivateFrameworks/MediaKit.framework/Versions/A/MediaKit
0x000000000461c000 	/System/Library/PrivateFrameworks/ProtectedCloudStorage.framework/Versions/A/ProtectedCloudStorage
0x000000000461c000 	/usr/lib/libCoreStorage.dylib
0x000000000461c000 	/System/Library/PrivateFrameworks/EFILogin.framework/Versions/A/EFILogin
0x000000000461c000 	/usr/lib/libutil.dylib
0x000000000461c000 	/System/Library/PrivateFrameworks/FindMyDevice.framework/Versions/A/FindMyDevice
0x000000000461c000 	/System/Library/Frameworks/LDAP.framework/Versions/A/LDAP
0x000000000461c000 	/usr/lib/libsasl2.2.dylib
0x000000000461c000 	/System/Library/PrivateFrameworks/CoreDaemon.framework/Versions/B/CoreDaemon
0x000000000461c000 	/usr/lib/libcrypto.0.9.8.dylib
0x000000000461c000 	/System/Library/PrivateFrameworks/AppleSRP.framework/Versions/A/AppleSRP
0x000000000461c000 	/System/Library/PrivateFrameworks/TrustEvaluationAgent.framework/Versions/A/TrustEvaluationAgent
0x000000011aa69000 	/Library/Java/JavaVirtualMachines/jdk1.8.0_25.jdk/Contents/Home/jre/lib/libglass.dylib
0x000000000461c000 	/System/Library/PrivateFrameworks/CoreServicesInternal.framework/Versions/A/CoreServicesInternal
0x000000000461c000 	/System/Library/PrivateFrameworks/CloudDocs.framework/Versions/A/CloudDocs
0x000000000461c000 	/System/Library/PrivateFrameworks/CoreDuet.framework/Versions/A/CoreDuet
0x000000000461c000 	/System/Library/Frameworks/CloudKit.framework/Versions/A/CloudKit
0x000000000461c000 	/System/Library/PrivateFrameworks/ProtocolBuffer.framework/Versions/A/ProtocolBuffer
0x000000000461c000 	/System/Library/PrivateFrameworks/CoreDuetDaemonProtocol.framework/Versions/A/CoreDuetDaemonProtocol
0x000000000461c000 	/System/Library/PrivateFrameworks/CoreDuetDebugLogging.framework/Versions/A/CoreDuetDebugLogging
0x000000000461c000 	/System/Library/Frameworks/CoreLocation.framework/Versions/A/CoreLocation
0x000000000461c000 	/System/Library/Frameworks/Accounts.framework/Versions/A/Accounts
0x000000000461c000 	/System/Library/PrivateFrameworks/ApplePushService.framework/Versions/A/ApplePushService
0x000000000461c000 	/System/Library/PrivateFrameworks/GeoServices.framework/Versions/A/GeoServices
0x000000000461c000 	/System/Library/PrivateFrameworks/OAuth.framework/Versions/A/OAuth
0x000000000461c000 	/System/Library/Frameworks/CoreGraphics.framework/Versions/A/Resources/libCGCMS.A.dylib
0x000000000461c000 	/System/Library/CoreServices/RawCamera.bundle/Contents/MacOS/RawCamera
0x000000000461c000 	/System/Library/Frameworks/CoreGraphics.framework/Versions/A/Resources/libRIP.A.dylib
0x000000000461c000 	/System/Library/PrivateFrameworks/FamilyControls.framework/Versions/A/FamilyControls
0x000000000461c000 	/System/Library/PrivateFrameworks/CommerceKit.framework/Versions/A/Frameworks/CommerceCore.framework/Versions/A/CommerceCore
0x000000000461c000 	/System/Library/PrivateFrameworks/SystemAdministration.framework/Versions/A/SystemAdministration
0x000000000461c000 	/System/Library/PrivateFrameworks/AppContainer.framework/Versions/A/AppContainer
0x000000000461c000 	/System/Library/PrivateFrameworks/SecCodeWrapper.framework/Versions/A/SecCodeWrapper
0x000000000461c000 	/System/Library/Frameworks/DirectoryService.framework/Versions/A/DirectoryService
0x000000000461c000 	/System/Library/PrivateFrameworks/LoginUIKit.framework/Versions/A/Frameworks/LoginUICore.framework/Versions/A/LoginUICore
0x000000000461c000 	/usr/lib/libodfde.dylib
0x000000011e0f1000 	/Library/Java/JavaVirtualMachines/jdk1.8.0_25.jdk/Contents/Home/jre/lib/libjfxwebkit.dylib
0x000000000461c000 	/System/Library/Frameworks/CoreGraphics.framework/Versions/A/Resources/libCGXType.A.dylib
0x0000000121546000 	cl_kernels
0x0000000121548000 	/System/Library/Frameworks/OpenCL.framework/Versions/A/Libraries/ImageFormats/unorm8_bgra.dylib
0x0000000121537000 	cl_kernels
0x00000001218ab000 	/Library/Java/JavaVirtualMachines/jdk1.8.0_25.jdk/Contents/Home/jre/lib/libnio.dylib
0x00000001218bb000 	/Library/Java/JavaVirtualMachines/jdk1.8.0_25.jdk/Contents/Home/jre/lib/./libnet.dylib
0x0000000121cea000 	/Library/Java/JavaVirtualMachines/jdk1.8.0_25.jdk/Contents/Home/jre/lib/libjavafx_font.dylib
0x0000000121c81000 	/Library/Java/JavaVirtualMachines/jdk1.8.0_25.jdk/Contents/Home/jre/lib/libprism_common.dylib
0x0000000122b78000 	/Library/Java/JavaVirtualMachines/jdk1.8.0_25.jdk/Contents/Home/jre/lib/libsunec.dylib
0x0000000125ca0000 	/Library/Java/JavaVirtualMachines/jdk1.8.0_25.jdk/Contents/Home/jre/lib/libjavafx_iio.dylib

VM Arguments:
jvm_args: -Dfile.encoding=UTF-8 
java_command: /Users/NguX/NetBeansProjects/travelplanner/dist/run6961468/cmpt381_project.jar
java_class_path (initial): /Users/NguX/NetBeansProjects/travelplanner/dist/run6961468/cmpt381_project.jar
Launcher Type: SUN_STANDARD

Environment Variables:
PATH=/usr/bin:/bin:/usr/sbin:/sbin
LD_LIBRARY_PATH=/Library/Java/JavaVirtualMachines/jdk1.8.0_25.jdk/Contents/Home/jre/lib/amd64:/Library/Java/JavaVirtualMachines/jdk1.8.0_25.jdk/Contents/Home/jre/lib/i386:
SHELL=/bin/bash
DISPLAY=/private/tmp/com.apple.launchd.fpoFxtJWLU/org.macosforge.xquartz:0
DYLD_LIBRARY_PATH=/Applications/NetBeans/NetBeans 8.0.2.app/Contents/Resources/NetBeans/webcommon/bin:

Signal Handlers:
SIGSEGV: [libjvm.dylib+0x579dc7], sa_mask[0]=11111111011111110111111111111111, sa_flags=SA_ONSTACK|SA_RESTART|SA_SIGINFO
SIGBUS: [libjvm.dylib+0x579dc7], sa_mask[0]=11111111011111110111111111111111, sa_flags=SA_RESTART|SA_SIGINFO
SIGFPE: [libjvm.dylib+0x45b030], sa_mask[0]=11111111011111110111111111111111, sa_flags=SA_RESTART|SA_SIGINFO
SIGPIPE: [libjvm.dylib+0x45b030], sa_mask[0]=11111111011111110111111111111111, sa_flags=SA_RESTART|SA_SIGINFO
SIGXFSZ: [libjvm.dylib+0x45b030], sa_mask[0]=11111111011111110111111111111111, sa_flags=SA_RESTART|SA_SIGINFO
SIGILL: [libjvm.dylib+0x45b030], sa_mask[0]=11111111011111110111111111111111, sa_flags=SA_RESTART|SA_SIGINFO
SIGUSR1: SIG_DFL, sa_mask[0]=00000000000000000000000000000000, sa_flags=none
SIGUSR2: [libjvm.dylib+0x45ab4e], sa_mask[0]=00100000000000000000000000000000, sa_flags=SA_RESTART|SA_SIGINFO
SIGHUP: [libjvm.dylib+0x459121], sa_mask[0]=11111111011111110111111111111111, sa_flags=SA_RESTART|SA_SIGINFO
SIGINT: SIG_IGN, sa_mask[0]=00000000000000000000000000000000, sa_flags=none
SIGTERM: [libjvm.dylib+0x459121], sa_mask[0]=11111111011111110111111111111111, sa_flags=SA_RESTART|SA_SIGINFO
SIGQUIT: [libjvm.dylib+0x459121], sa_mask[0]=11111111011111110111111111111111, sa_flags=SA_RESTART|SA_SIGINFO


---------------  S Y S T E M  ---------------

OS:Bsduname:Darwin 14.1.0 Darwin Kernel Version 14.1.0: Thu Feb 26 19:26:47 PST 2015; root:xnu-2782.10.73~1/RELEASE_X86_64 x86_64
rlimit: STACK 8192k, CORE 0k, NPROC 709, NOFILE 10240, AS infinity
load average:3.00 2.19 2.09

CPU:total 4 (2 cores per cpu, 2 threads per core) family 6 model 58 stepping 9, cmov, cx8, fxsr, mmx, sse, sse2, sse3, ssse3, sse4.1, sse4.2, popcnt, avx, aes, clmul, erms, ht, tsc, tscinvbit, tscinv

Memory: 4k page, physical 4194304k(24404k free)

/proc/meminfo:


vm_info: Java HotSpot(TM) 64-Bit Server VM (25.25-b02) for bsd-amd64 JRE (1.8.0_25-b17), built on Sep 17 2014 16:56:50 by "java_re" with gcc 4.2.1 (Based on Apple Inc. build 5658) (LLVM build 2336.11.00)

time: Tue Apr  7 00:43:10 2015
elapsed time: 11 seconds (0d 0h 0m 11s)

